{"/Users/ajdp/Documents/Coding Assessments/valr/valr-blockchain-explorer/cypress.config.js": {"path":"/Users/ajdp/Documents/Coding Assessments/valr/valr-blockchain-explorer/cypress.config.js","all":true,"statementMap":{"0":{"start":{"line":1,"column":0},"end":{"line":1,"column":39}},"1":{"start":{"line":2,"column":0},"end":{"line":2,"column":0}},"2":{"start":{"line":3,"column":0},"end":{"line":3,"column":29}},"3":{"start":{"line":4,"column":0},"end":{"line":4,"column":8}},"4":{"start":{"line":5,"column":0},"end":{"line":5,"column":76}},"5":{"start":{"line":6,"column":0},"end":{"line":6,"column":33}},"6":{"start":{"line":7,"column":0},"end":{"line":7,"column":44}},"7":{"start":{"line":8,"column":0},"end":{"line":8,"column":6}},"8":{"start":{"line":9,"column":0},"end":{"line":9,"column":4}},"9":{"start":{"line":10,"column":0},"end":{"line":10,"column":14}},"10":{"start":{"line":11,"column":0},"end":{"line":11,"column":16}},"11":{"start":{"line":12,"column":0},"end":{"line":12,"column":25}},"12":{"start":{"line":13,"column":0},"end":{"line":13,"column":22}},"13":{"start":{"line":14,"column":0},"end":{"line":14,"column":6}},"14":{"start":{"line":15,"column":0},"end":{"line":15,"column":4}},"15":{"start":{"line":16,"column":0},"end":{"line":16,"column":3}}},"s":{"0":0,"1":0,"2":0,"3":0,"4":0,"5":0,"6":0,"7":0,"8":0,"9":0,"10":0,"11":0,"12":0,"13":0,"14":0,"15":0},"branchMap":{"0":{"type":"branch","line":1,"loc":{"start":{"line":1,"column":0},"end":{"line":16,"column":3}},"locations":[{"start":{"line":1,"column":0},"end":{"line":16,"column":3}}]}},"b":{"0":[0]},"fnMap":{"0":{"name":"(empty-report)","decl":{"start":{"line":1,"column":0},"end":{"line":16,"column":3}},"loc":{"start":{"line":1,"column":0},"end":{"line":16,"column":3}},"line":1}},"f":{"0":0}}
,"/Users/ajdp/Documents/Coding Assessments/valr/valr-blockchain-explorer/eslint.config.js": {"path":"/Users/ajdp/Documents/Coding Assessments/valr/valr-blockchain-explorer/eslint.config.js","all":true,"statementMap":{"0":{"start":{"line":1,"column":0},"end":{"line":1,"column":27}},"1":{"start":{"line":2,"column":0},"end":{"line":2,"column":29}},"2":{"start":{"line":3,"column":0},"end":{"line":3,"column":50}},"3":{"start":{"line":4,"column":0},"end":{"line":4,"column":54}},"4":{"start":{"line":5,"column":0},"end":{"line":5,"column":0}},"5":{"start":{"line":6,"column":0},"end":{"line":6,"column":16}},"6":{"start":{"line":7,"column":0},"end":{"line":7,"column":24}},"7":{"start":{"line":8,"column":0},"end":{"line":8,"column":3}},"8":{"start":{"line":9,"column":0},"end":{"line":9,"column":29}},"9":{"start":{"line":10,"column":0},"end":{"line":10,"column":22}},"10":{"start":{"line":11,"column":0},"end":{"line":11,"column":24}},"11":{"start":{"line":12,"column":0},"end":{"line":12,"column":31}},"12":{"start":{"line":13,"column":0},"end":{"line":13,"column":22}},"13":{"start":{"line":14,"column":0},"end":{"line":14,"column":30}},"14":{"start":{"line":15,"column":0},"end":{"line":15,"column":36}},"15":{"start":{"line":16,"column":0},"end":{"line":16,"column":29}},"16":{"start":{"line":17,"column":0},"end":{"line":17,"column":8}},"17":{"start":{"line":18,"column":0},"end":{"line":18,"column":6}},"18":{"start":{"line":19,"column":0},"end":{"line":19,"column":14}},"19":{"start":{"line":20,"column":0},"end":{"line":20,"column":32}},"20":{"start":{"line":21,"column":0},"end":{"line":21,"column":36}},"21":{"start":{"line":22,"column":0},"end":{"line":22,"column":6}},"22":{"start":{"line":23,"column":0},"end":{"line":23,"column":12}},"23":{"start":{"line":24,"column":0},"end":{"line":24,"column":38}},"24":{"start":{"line":25,"column":0},"end":{"line":25,"column":46}},"25":{"start":{"line":26,"column":0},"end":{"line":26,"column":68}},"26":{"start":{"line":27,"column":0},"end":{"line":27,"column":47}},"27":{"start":{"line":28,"column":0},"end":{"line":28,"column":15}},"28":{"start":{"line":29,"column":0},"end":{"line":29,"column":38}},"29":{"start":{"line":30,"column":0},"end":{"line":30,"column":8}},"30":{"start":{"line":31,"column":0},"end":{"line":31,"column":6}},"31":{"start":{"line":32,"column":0},"end":{"line":32,"column":4}},"32":{"start":{"line":33,"column":0},"end":{"line":33,"column":49}},"33":{"start":{"line":34,"column":0},"end":{"line":34,"column":3}},"34":{"start":{"line":35,"column":0},"end":{"line":35,"column":52}},"35":{"start":{"line":36,"column":0},"end":{"line":36,"column":22}},"36":{"start":{"line":37,"column":0},"end":{"line":37,"column":16}},"37":{"start":{"line":38,"column":0},"end":{"line":38,"column":27}},"38":{"start":{"line":39,"column":0},"end":{"line":39,"column":23}},"39":{"start":{"line":40,"column":0},"end":{"line":40,"column":28}},"40":{"start":{"line":41,"column":0},"end":{"line":41,"column":27}},"41":{"start":{"line":42,"column":0},"end":{"line":42,"column":27}},"42":{"start":{"line":43,"column":0},"end":{"line":43,"column":23}},"43":{"start":{"line":44,"column":0},"end":{"line":44,"column":29}},"44":{"start":{"line":45,"column":0},"end":{"line":45,"column":27}},"45":{"start":{"line":46,"column":0},"end":{"line":46,"column":31}},"46":{"start":{"line":47,"column":0},"end":{"line":47,"column":26}},"47":{"start":{"line":48,"column":0},"end":{"line":48,"column":30}},"48":{"start":{"line":49,"column":0},"end":{"line":49,"column":7}},"49":{"start":{"line":50,"column":0},"end":{"line":50,"column":5}},"50":{"start":{"line":51,"column":0},"end":{"line":51,"column":4}},"51":{"start":{"line":52,"column":0},"end":{"line":52,"column":1}}},"s":{"0":0,"1":0,"2":0,"3":0,"4":0,"5":0,"6":0,"7":0,"8":0,"9":0,"10":0,"11":0,"12":0,"13":0,"14":0,"15":0,"16":0,"17":0,"18":0,"19":0,"20":0,"21":0,"22":0,"23":0,"24":0,"25":0,"26":0,"27":0,"28":0,"29":0,"30":0,"31":0,"32":0,"33":0,"34":0,"35":0,"36":0,"37":0,"38":0,"39":0,"40":0,"41":0,"42":0,"43":0,"44":0,"45":0,"46":0,"47":0,"48":0,"49":0,"50":0,"51":0},"branchMap":{"0":{"type":"branch","line":1,"loc":{"start":{"line":1,"column":0},"end":{"line":52,"column":1}},"locations":[{"start":{"line":1,"column":0},"end":{"line":52,"column":1}}]}},"b":{"0":[0]},"fnMap":{"0":{"name":"(empty-report)","decl":{"start":{"line":1,"column":0},"end":{"line":52,"column":1}},"loc":{"start":{"line":1,"column":0},"end":{"line":52,"column":1}},"line":1}},"f":{"0":0}}
,"/Users/ajdp/Documents/Coding Assessments/valr/valr-blockchain-explorer/vite.config.js": {"path":"/Users/ajdp/Documents/Coding Assessments/valr/valr-blockchain-explorer/vite.config.js","all":true,"statementMap":{"0":{"start":{"line":1,"column":0},"end":{"line":1,"column":35}},"1":{"start":{"line":2,"column":0},"end":{"line":2,"column":40}},"2":{"start":{"line":3,"column":0},"end":{"line":3,"column":0}},"3":{"start":{"line":4,"column":0},"end":{"line":4,"column":27}},"4":{"start":{"line":5,"column":0},"end":{"line":5,"column":29}},"5":{"start":{"line":6,"column":0},"end":{"line":6,"column":21}},"6":{"start":{"line":7,"column":0},"end":{"line":7,"column":2}}},"s":{"0":0,"1":0,"2":0,"3":0,"4":0,"5":0,"6":0},"branchMap":{"0":{"type":"branch","line":1,"loc":{"start":{"line":1,"column":0},"end":{"line":7,"column":2}},"locations":[{"start":{"line":1,"column":0},"end":{"line":7,"column":2}}]}},"b":{"0":[0]},"fnMap":{"0":{"name":"(empty-report)","decl":{"start":{"line":1,"column":0},"end":{"line":7,"column":2}},"loc":{"start":{"line":1,"column":0},"end":{"line":7,"column":2}},"line":1}},"f":{"0":0}}
,"/Users/ajdp/Documents/Coding Assessments/valr/valr-blockchain-explorer/vitest.config.js": {"path":"/Users/ajdp/Documents/Coding Assessments/valr/valr-blockchain-explorer/vitest.config.js","all":true,"statementMap":{"0":{"start":{"line":1,"column":0},"end":{"line":1,"column":45}},"1":{"start":{"line":2,"column":0},"end":{"line":2,"column":41}},"2":{"start":{"line":3,"column":0},"end":{"line":3,"column":0}},"3":{"start":{"line":4,"column":0},"end":{"line":4,"column":29}},"4":{"start":{"line":5,"column":0},"end":{"line":5,"column":21}},"5":{"start":{"line":6,"column":0},"end":{"line":6,"column":9}},"6":{"start":{"line":7,"column":0},"end":{"line":7,"column":25}},"7":{"start":{"line":8,"column":0},"end":{"line":8,"column":18}},"8":{"start":{"line":9,"column":0},"end":{"line":9,"column":40}},"9":{"start":{"line":10,"column":0},"end":{"line":10,"column":43}},"10":{"start":{"line":11,"column":0},"end":{"line":11,"column":15}},"11":{"start":{"line":12,"column":0},"end":{"line":12,"column":41}},"12":{"start":{"line":13,"column":0},"end":{"line":13,"column":53}},"13":{"start":{"line":14,"column":0},"end":{"line":14,"column":6}},"14":{"start":{"line":15,"column":0},"end":{"line":15,"column":11}},"15":{"start":{"line":16,"column":0},"end":{"line":16,"column":35}},"16":{"start":{"line":17,"column":0},"end":{"line":17,"column":5}},"17":{"start":{"line":18,"column":0},"end":{"line":18,"column":4}},"18":{"start":{"line":19,"column":0},"end":{"line":19,"column":3}}},"s":{"0":0,"1":0,"2":0,"3":0,"4":0,"5":0,"6":0,"7":0,"8":0,"9":0,"10":0,"11":0,"12":0,"13":0,"14":0,"15":0,"16":0,"17":0,"18":0},"branchMap":{"0":{"type":"branch","line":1,"loc":{"start":{"line":1,"column":0},"end":{"line":19,"column":3}},"locations":[{"start":{"line":1,"column":0},"end":{"line":19,"column":3}}]}},"b":{"0":[0]},"fnMap":{"0":{"name":"(empty-report)","decl":{"start":{"line":1,"column":0},"end":{"line":19,"column":3}},"loc":{"start":{"line":1,"column":0},"end":{"line":19,"column":3}},"line":1}},"f":{"0":0}}
,"/Users/ajdp/Documents/Coding Assessments/valr/valr-blockchain-explorer/cypress/e2e/block-details.cy.js": {"path":"/Users/ajdp/Documents/Coding Assessments/valr/valr-blockchain-explorer/cypress/e2e/block-details.cy.js","all":true,"statementMap":{"0":{"start":{"line":1,"column":0},"end":{"line":1,"column":44}},"1":{"start":{"line":2,"column":0},"end":{"line":2,"column":93}},"2":{"start":{"line":3,"column":0},"end":{"line":3,"column":2}},"3":{"start":{"line":4,"column":0},"end":{"line":4,"column":20}},"4":{"start":{"line":5,"column":0},"end":{"line":5,"column":50}},"5":{"start":{"line":6,"column":0},"end":{"line":6,"column":27}},"6":{"start":{"line":7,"column":0},"end":{"line":7,"column":42}},"7":{"start":{"line":8,"column":0},"end":{"line":8,"column":40}},"8":{"start":{"line":9,"column":0},"end":{"line":9,"column":32}},"9":{"start":{"line":10,"column":0},"end":{"line":10,"column":5}},"10":{"start":{"line":11,"column":0},"end":{"line":11,"column":0}},"11":{"start":{"line":12,"column":0},"end":{"line":12,"column":53}},"12":{"start":{"line":13,"column":0},"end":{"line":13,"column":78}},"13":{"start":{"line":14,"column":0},"end":{"line":14,"column":59}},"14":{"start":{"line":15,"column":0},"end":{"line":15,"column":56}},"15":{"start":{"line":16,"column":0},"end":{"line":16,"column":5}},"16":{"start":{"line":17,"column":0},"end":{"line":17,"column":0}},"17":{"start":{"line":18,"column":0},"end":{"line":18,"column":49}},"18":{"start":{"line":19,"column":0},"end":{"line":19,"column":48}},"19":{"start":{"line":20,"column":0},"end":{"line":20,"column":84}},"20":{"start":{"line":21,"column":0},"end":{"line":21,"column":89}},"21":{"start":{"line":22,"column":0},"end":{"line":22,"column":5}},"22":{"start":{"line":23,"column":0},"end":{"line":23,"column":0}},"23":{"start":{"line":24,"column":0},"end":{"line":24,"column":41}},"24":{"start":{"line":25,"column":0},"end":{"line":25,"column":61}},"25":{"start":{"line":26,"column":0},"end":{"line":26,"column":77}},"26":{"start":{"line":27,"column":0},"end":{"line":27,"column":48}},"27":{"start":{"line":28,"column":0},"end":{"line":28,"column":85}},"28":{"start":{"line":29,"column":0},"end":{"line":29,"column":28}},"29":{"start":{"line":30,"column":0},"end":{"line":30,"column":5}},"30":{"start":{"line":31,"column":0},"end":{"line":31,"column":0}},"31":{"start":{"line":32,"column":0},"end":{"line":32,"column":51}},"32":{"start":{"line":33,"column":0},"end":{"line":33,"column":61}},"33":{"start":{"line":34,"column":0},"end":{"line":34,"column":46}},"34":{"start":{"line":35,"column":0},"end":{"line":35,"column":57}},"35":{"start":{"line":36,"column":0},"end":{"line":36,"column":5}},"36":{"start":{"line":37,"column":0},"end":{"line":37,"column":3}}},"s":{"0":0,"1":0,"2":0,"3":0,"4":0,"5":0,"6":0,"7":0,"8":0,"9":0,"10":0,"11":0,"12":0,"13":0,"14":0,"15":0,"16":0,"17":0,"18":0,"19":0,"20":0,"21":0,"22":0,"23":0,"24":0,"25":0,"26":0,"27":0,"28":0,"29":0,"30":0,"31":0,"32":0,"33":0,"34":0,"35":0,"36":0},"branchMap":{"0":{"type":"branch","line":1,"loc":{"start":{"line":1,"column":0},"end":{"line":37,"column":3}},"locations":[{"start":{"line":1,"column":0},"end":{"line":37,"column":3}}]}},"b":{"0":[0]},"fnMap":{"0":{"name":"(empty-report)","decl":{"start":{"line":1,"column":0},"end":{"line":37,"column":3}},"loc":{"start":{"line":1,"column":0},"end":{"line":37,"column":3}},"line":1}},"f":{"0":0}}
,"/Users/ajdp/Documents/Coding Assessments/valr/valr-blockchain-explorer/cypress/e2e/homepage.cy.js": {"path":"/Users/ajdp/Documents/Coding Assessments/valr/valr-blockchain-explorer/cypress/e2e/homepage.cy.js","all":true,"statementMap":{"0":{"start":{"line":1,"column":0},"end":{"line":1,"column":34}},"1":{"start":{"line":2,"column":0},"end":{"line":2,"column":20}},"2":{"start":{"line":3,"column":0},"end":{"line":3,"column":50}},"3":{"start":{"line":4,"column":0},"end":{"line":4,"column":27}},"4":{"start":{"line":5,"column":0},"end":{"line":5,"column":18}},"5":{"start":{"line":6,"column":0},"end":{"line":6,"column":40}},"6":{"start":{"line":7,"column":0},"end":{"line":7,"column":26}},"7":{"start":{"line":8,"column":0},"end":{"line":8,"column":5}},"8":{"start":{"line":9,"column":0},"end":{"line":9,"column":0}},"9":{"start":{"line":10,"column":0},"end":{"line":10,"column":54}},"10":{"start":{"line":11,"column":0},"end":{"line":11,"column":84}},"11":{"start":{"line":12,"column":0},"end":{"line":12,"column":5}},"12":{"start":{"line":13,"column":0},"end":{"line":13,"column":0}},"13":{"start":{"line":14,"column":0},"end":{"line":14,"column":41}},"14":{"start":{"line":15,"column":0},"end":{"line":15,"column":57}},"15":{"start":{"line":16,"column":0},"end":{"line":16,"column":70}},"16":{"start":{"line":17,"column":0},"end":{"line":17,"column":5}},"17":{"start":{"line":18,"column":0},"end":{"line":18,"column":0}},"18":{"start":{"line":19,"column":0},"end":{"line":19,"column":55}},"19":{"start":{"line":20,"column":0},"end":{"line":20,"column":47}},"20":{"start":{"line":21,"column":0},"end":{"line":21,"column":52}},"21":{"start":{"line":22,"column":0},"end":{"line":22,"column":4}},"22":{"start":{"line":23,"column":0},"end":{"line":23,"column":56}},"23":{"start":{"line":24,"column":0},"end":{"line":24,"column":42}},"24":{"start":{"line":25,"column":0},"end":{"line":25,"column":78}},"25":{"start":{"line":26,"column":0},"end":{"line":26,"column":5}},"26":{"start":{"line":27,"column":0},"end":{"line":27,"column":3}}},"s":{"0":0,"1":0,"2":0,"3":0,"4":0,"5":0,"6":0,"7":0,"8":0,"9":0,"10":0,"11":0,"12":0,"13":0,"14":0,"15":0,"16":0,"17":0,"18":0,"19":0,"20":0,"21":0,"22":0,"23":0,"24":0,"25":0,"26":0},"branchMap":{"0":{"type":"branch","line":1,"loc":{"start":{"line":1,"column":0},"end":{"line":27,"column":3}},"locations":[{"start":{"line":1,"column":0},"end":{"line":27,"column":3}}]}},"b":{"0":[0]},"fnMap":{"0":{"name":"(empty-report)","decl":{"start":{"line":1,"column":0},"end":{"line":27,"column":3}},"loc":{"start":{"line":1,"column":0},"end":{"line":27,"column":3}},"line":1}},"f":{"0":0}}
,"/Users/ajdp/Documents/Coding Assessments/valr/valr-blockchain-explorer/cypress/support/commands.js": {"path":"/Users/ajdp/Documents/Coding Assessments/valr/valr-blockchain-explorer/cypress/support/commands.js","all":true,"statementMap":{"0":{"start":{"line":1,"column":0},"end":{"line":1,"column":34}},"1":{"start":{"line":2,"column":0},"end":{"line":2,"column":47}},"2":{"start":{"line":3,"column":0},"end":{"line":3,"column":0}},"3":{"start":{"line":4,"column":0},"end":{"line":4,"column":36}},"4":{"start":{"line":5,"column":0},"end":{"line":5,"column":63}},"5":{"start":{"line":6,"column":0},"end":{"line":6,"column":34}},"6":{"start":{"line":7,"column":0},"end":{"line":7,"column":3}},"7":{"start":{"line":8,"column":0},"end":{"line":8,"column":0}},"8":{"start":{"line":9,"column":0},"end":{"line":9,"column":49}},"9":{"start":{"line":10,"column":0},"end":{"line":10,"column":60}},"10":{"start":{"line":11,"column":0},"end":{"line":11,"column":27}},"11":{"start":{"line":12,"column":0},"end":{"line":12,"column":21}},"12":{"start":{"line":13,"column":0},"end":{"line":13,"column":2}},"13":{"start":{"line":14,"column":0},"end":{"line":14,"column":62}},"14":{"start":{"line":15,"column":0},"end":{"line":15,"column":34}},"15":{"start":{"line":16,"column":0},"end":{"line":16,"column":27}},"16":{"start":{"line":17,"column":0},"end":{"line":17,"column":3}}},"s":{"0":0,"1":0,"2":0,"3":0,"4":0,"5":0,"6":0,"7":0,"8":0,"9":0,"10":0,"11":0,"12":0,"13":0,"14":0,"15":0,"16":0},"branchMap":{"0":{"type":"branch","line":1,"loc":{"start":{"line":1,"column":0},"end":{"line":17,"column":3}},"locations":[{"start":{"line":1,"column":0},"end":{"line":17,"column":3}}]}},"b":{"0":[0]},"fnMap":{"0":{"name":"(empty-report)","decl":{"start":{"line":1,"column":0},"end":{"line":17,"column":3}},"loc":{"start":{"line":1,"column":0},"end":{"line":17,"column":3}},"line":1}},"f":{"0":0}}
,"/Users/ajdp/Documents/Coding Assessments/valr/valr-blockchain-explorer/cypress/support/e2e.js": {"path":"/Users/ajdp/Documents/Coding Assessments/valr/valr-blockchain-explorer/cypress/support/e2e.js","all":true,"statementMap":{"0":{"start":{"line":1,"column":0},"end":{"line":1,"column":42}},"1":{"start":{"line":2,"column":0},"end":{"line":2,"column":20}},"2":{"start":{"line":3,"column":0},"end":{"line":3,"column":0}},"3":{"start":{"line":4,"column":0},"end":{"line":4,"column":45}},"4":{"start":{"line":5,"column":0},"end":{"line":5,"column":24}},"5":{"start":{"line":6,"column":0},"end":{"line":6,"column":0}},"6":{"start":{"line":7,"column":0},"end":{"line":7,"column":43}},"7":{"start":{"line":8,"column":0},"end":{"line":8,"column":23}},"8":{"start":{"line":9,"column":0},"end":{"line":9,"column":74}},"9":{"start":{"line":10,"column":0},"end":{"line":10,"column":52}},"10":{"start":{"line":11,"column":0},"end":{"line":11,"column":19}},"11":{"start":{"line":12,"column":0},"end":{"line":12,"column":65}},"12":{"start":{"line":13,"column":0},"end":{"line":13,"column":58}},"13":{"start":{"line":14,"column":0},"end":{"line":14,"column":39}},"14":{"start":{"line":15,"column":0},"end":{"line":15,"column":1}}},"s":{"0":0,"1":0,"2":0,"3":0,"4":0,"5":0,"6":0,"7":0,"8":0,"9":0,"10":0,"11":0,"12":0,"13":0,"14":0},"branchMap":{"0":{"type":"branch","line":1,"loc":{"start":{"line":1,"column":0},"end":{"line":15,"column":1}},"locations":[{"start":{"line":1,"column":0},"end":{"line":15,"column":1}}]}},"b":{"0":[0]},"fnMap":{"0":{"name":"(empty-report)","decl":{"start":{"line":1,"column":0},"end":{"line":15,"column":1}},"loc":{"start":{"line":1,"column":0},"end":{"line":15,"column":1}},"line":1}},"f":{"0":0}}
,"/Users/ajdp/Documents/Coding Assessments/valr/valr-blockchain-explorer/src/App.jsx": {"path":"/Users/ajdp/Documents/Coding Assessments/valr/valr-blockchain-explorer/src/App.jsx","all":true,"statementMap":{"0":{"start":{"line":1,"column":0},"end":{"line":1,"column":74}},"1":{"start":{"line":2,"column":0},"end":{"line":2,"column":50}},"2":{"start":{"line":3,"column":0},"end":{"line":3,"column":73}},"3":{"start":{"line":4,"column":0},"end":{"line":4,"column":39}},"4":{"start":{"line":5,"column":0},"end":{"line":5,"column":39}},"5":{"start":{"line":6,"column":0},"end":{"line":6,"column":35}},"6":{"start":{"line":7,"column":0},"end":{"line":7,"column":49}},"7":{"start":{"line":8,"column":0},"end":{"line":8,"column":41}},"8":{"start":{"line":9,"column":0},"end":{"line":9,"column":55}},"9":{"start":{"line":10,"column":0},"end":{"line":10,"column":0}},"10":{"start":{"line":11,"column":0},"end":{"line":11,"column":47}},"11":{"start":{"line":12,"column":0},"end":{"line":12,"column":56}},"12":{"start":{"line":13,"column":0},"end":{"line":13,"column":70}},"13":{"start":{"line":14,"column":0},"end":{"line":14,"column":0}},"14":{"start":{"line":15,"column":0},"end":{"line":15,"column":29}},"15":{"start":{"line":16,"column":0},"end":{"line":16,"column":31}},"16":{"start":{"line":17,"column":0},"end":{"line":17,"column":20}},"17":{"start":{"line":18,"column":0},"end":{"line":18,"column":22}},"18":{"start":{"line":19,"column":0},"end":{"line":19,"column":41}},"19":{"start":{"line":20,"column":0},"end":{"line":20,"column":21}},"20":{"start":{"line":21,"column":0},"end":{"line":21,"column":2}},"21":{"start":{"line":22,"column":0},"end":{"line":22,"column":0}},"22":{"start":{"line":23,"column":0},"end":{"line":23,"column":34}},"23":{"start":{"line":24,"column":0},"end":{"line":24,"column":37}},"24":{"start":{"line":25,"column":0},"end":{"line":25,"column":19}},"25":{"start":{"line":26,"column":0},"end":{"line":26,"column":14}},"26":{"start":{"line":27,"column":0},"end":{"line":27,"column":83}},"27":{"start":{"line":28,"column":0},"end":{"line":28,"column":15}},"28":{"start":{"line":29,"column":0},"end":{"line":29,"column":6}},"29":{"start":{"line":30,"column":0},"end":{"line":30,"column":4}},"30":{"start":{"line":31,"column":0},"end":{"line":31,"column":3}},"31":{"start":{"line":32,"column":0},"end":{"line":32,"column":0}},"32":{"start":{"line":33,"column":0},"end":{"line":33,"column":16}},"33":{"start":{"line":34,"column":0},"end":{"line":34,"column":10}},"34":{"start":{"line":35,"column":0},"end":{"line":35,"column":19}},"35":{"start":{"line":36,"column":0},"end":{"line":36,"column":48}},"36":{"start":{"line":37,"column":0},"end":{"line":37,"column":37}},"37":{"start":{"line":38,"column":0},"end":{"line":38,"column":26}},"38":{"start":{"line":39,"column":0},"end":{"line":39,"column":18}},"39":{"start":{"line":40,"column":0},"end":{"line":40,"column":26}},"40":{"start":{"line":41,"column":0},"end":{"line":41,"column":22}},"41":{"start":{"line":42,"column":0},"end":{"line":42,"column":53}},"42":{"start":{"line":43,"column":0},"end":{"line":43,"column":40}},"43":{"start":{"line":44,"column":0},"end":{"line":44,"column":35}},"44":{"start":{"line":45,"column":0},"end":{"line":45,"column":63}},"45":{"start":{"line":46,"column":0},"end":{"line":46,"column":36}},"46":{"start":{"line":47,"column":0},"end":{"line":47,"column":33}},"47":{"start":{"line":48,"column":0},"end":{"line":48,"column":36}},"48":{"start":{"line":49,"column":0},"end":{"line":49,"column":22}},"49":{"start":{"line":50,"column":0},"end":{"line":50,"column":63}},"50":{"start":{"line":51,"column":0},"end":{"line":51,"column":35}},"51":{"start":{"line":52,"column":0},"end":{"line":52,"column":63}},"52":{"start":{"line":53,"column":0},"end":{"line":53,"column":43}},"53":{"start":{"line":54,"column":0},"end":{"line":54,"column":33}},"54":{"start":{"line":55,"column":0},"end":{"line":55,"column":36}},"55":{"start":{"line":56,"column":0},"end":{"line":56,"column":22}},"56":{"start":{"line":57,"column":0},"end":{"line":57,"column":24}},"57":{"start":{"line":58,"column":0},"end":{"line":58,"column":23}},"58":{"start":{"line":59,"column":0},"end":{"line":59,"column":27}},"59":{"start":{"line":60,"column":0},"end":{"line":60,"column":19}},"60":{"start":{"line":61,"column":0},"end":{"line":61,"column":24}},"61":{"start":{"line":62,"column":0},"end":{"line":62,"column":28}},"62":{"start":{"line":63,"column":0},"end":{"line":63,"column":20}},"63":{"start":{"line":64,"column":0},"end":{"line":64,"column":4}},"64":{"start":{"line":65,"column":0},"end":{"line":65,"column":1}},"65":{"start":{"line":66,"column":0},"end":{"line":66,"column":0}},"66":{"start":{"line":67,"column":0},"end":{"line":67,"column":32}},"67":{"start":{"line":68,"column":0},"end":{"line":68,"column":15}},"68":{"start":{"line":69,"column":0},"end":{"line":69,"column":20}},"69":{"start":{"line":70,"column":0},"end":{"line":70,"column":16}},"70":{"start":{"line":71,"column":0},"end":{"line":71,"column":25}},"71":{"start":{"line":72,"column":0},"end":{"line":72,"column":2}},"72":{"start":{"line":73,"column":0},"end":{"line":73,"column":0}},"73":{"start":{"line":74,"column":0},"end":{"line":74,"column":36}},"74":{"start":{"line":75,"column":0},"end":{"line":75,"column":16}},"75":{"start":{"line":76,"column":0},"end":{"line":76,"column":25}},"76":{"start":{"line":77,"column":0},"end":{"line":77,"column":22}},"77":{"start":{"line":78,"column":0},"end":{"line":78,"column":26}},"78":{"start":{"line":79,"column":0},"end":{"line":79,"column":19}},"79":{"start":{"line":80,"column":0},"end":{"line":80,"column":2}},"80":{"start":{"line":81,"column":0},"end":{"line":81,"column":0}},"81":{"start":{"line":82,"column":0},"end":{"line":82,"column":34}},"82":{"start":{"line":83,"column":0},"end":{"line":83,"column":39}},"83":{"start":{"line":84,"column":0},"end":{"line":84,"column":14}},"84":{"start":{"line":85,"column":0},"end":{"line":85,"column":15}},"85":{"start":{"line":86,"column":0},"end":{"line":86,"column":21}},"86":{"start":{"line":87,"column":0},"end":{"line":87,"column":60}},"87":{"start":{"line":88,"column":0},"end":{"line":88,"column":37}},"88":{"start":{"line":89,"column":0},"end":{"line":89,"column":22}},"89":{"start":{"line":90,"column":0},"end":{"line":90,"column":2}},"90":{"start":{"line":91,"column":0},"end":{"line":91,"column":19}},"91":{"start":{"line":92,"column":0},"end":{"line":92,"column":35}},"92":{"start":{"line":93,"column":0},"end":{"line":93,"column":39}},"93":{"start":{"line":94,"column":0},"end":{"line":94,"column":3}},"94":{"start":{"line":95,"column":0},"end":{"line":95,"column":2}},"95":{"start":{"line":96,"column":0},"end":{"line":96,"column":0}},"96":{"start":{"line":97,"column":0},"end":{"line":97,"column":29}},"97":{"start":{"line":98,"column":0},"end":{"line":98,"column":18}},"98":{"start":{"line":99,"column":0},"end":{"line":99,"column":50}},"99":{"start":{"line":100,"column":0},"end":{"line":100,"column":2}},"100":{"start":{"line":101,"column":0},"end":{"line":101,"column":0}},"101":{"start":{"line":102,"column":0},"end":{"line":102,"column":19}}},"s":{"0":0,"1":0,"2":0,"3":0,"4":0,"5":0,"6":0,"7":0,"8":0,"9":0,"10":0,"11":0,"12":0,"13":0,"14":0,"15":0,"16":0,"17":0,"18":0,"19":0,"20":0,"21":0,"22":0,"23":0,"24":0,"25":0,"26":0,"27":0,"28":0,"29":0,"30":0,"31":0,"32":0,"33":0,"34":0,"35":0,"36":0,"37":0,"38":0,"39":0,"40":0,"41":0,"42":0,"43":0,"44":0,"45":0,"46":0,"47":0,"48":0,"49":0,"50":0,"51":0,"52":0,"53":0,"54":0,"55":0,"56":0,"57":0,"58":0,"59":0,"60":0,"61":0,"62":0,"63":0,"64":0,"65":0,"66":0,"67":0,"68":0,"69":0,"70":0,"71":0,"72":0,"73":0,"74":0,"75":0,"76":0,"77":0,"78":0,"79":0,"80":0,"81":0,"82":0,"83":0,"84":0,"85":0,"86":0,"87":0,"88":0,"89":0,"90":0,"91":0,"92":0,"93":0,"94":0,"95":0,"96":0,"97":0,"98":0,"99":0,"100":0,"101":0},"branchMap":{"0":{"type":"branch","line":1,"loc":{"start":{"line":1,"column":0},"end":{"line":102,"column":19}},"locations":[{"start":{"line":1,"column":0},"end":{"line":102,"column":19}}]}},"b":{"0":[0]},"fnMap":{"0":{"name":"(empty-report)","decl":{"start":{"line":1,"column":0},"end":{"line":102,"column":19}},"loc":{"start":{"line":1,"column":0},"end":{"line":102,"column":19}},"line":1}},"f":{"0":0}}
,"/Users/ajdp/Documents/Coding Assessments/valr/valr-blockchain-explorer/src/main.jsx": {"path":"/Users/ajdp/Documents/Coding Assessments/valr/valr-blockchain-explorer/src/main.jsx","all":true,"statementMap":{"0":{"start":{"line":1,"column":0},"end":{"line":1,"column":34}},"1":{"start":{"line":2,"column":0},"end":{"line":2,"column":45}},"2":{"start":{"line":3,"column":0},"end":{"line":3,"column":20}},"3":{"start":{"line":4,"column":0},"end":{"line":4,"column":27}},"4":{"start":{"line":5,"column":0},"end":{"line":5,"column":0}},"5":{"start":{"line":6,"column":0},"end":{"line":6,"column":51}},"6":{"start":{"line":7,"column":0},"end":{"line":7,"column":14}},"7":{"start":{"line":8,"column":0},"end":{"line":8,"column":11}},"8":{"start":{"line":9,"column":0},"end":{"line":9,"column":16}},"9":{"start":{"line":10,"column":0},"end":{"line":10,"column":1}}},"s":{"0":0,"1":0,"2":0,"3":0,"4":0,"5":0,"6":0,"7":0,"8":0,"9":0},"branchMap":{"0":{"type":"branch","line":1,"loc":{"start":{"line":1,"column":0},"end":{"line":10,"column":1}},"locations":[{"start":{"line":1,"column":0},"end":{"line":10,"column":1}}]}},"b":{"0":[0]},"fnMap":{"0":{"name":"(empty-report)","decl":{"start":{"line":1,"column":0},"end":{"line":10,"column":1}},"loc":{"start":{"line":1,"column":0},"end":{"line":10,"column":1}},"line":1}},"f":{"0":0}}
,"/Users/ajdp/Documents/Coding Assessments/valr/valr-blockchain-explorer/src/components/BlockCard.jsx": {"path":"/Users/ajdp/Documents/Coding Assessments/valr/valr-blockchain-explorer/src/components/BlockCard.jsx","all":false,"statementMap":{"0":{"start":{"line":1,"column":0},"end":{"line":1,"column":36}},"1":{"start":{"line":2,"column":0},"end":{"line":2,"column":40}},"2":{"start":{"line":3,"column":0},"end":{"line":3,"column":54}},"3":{"start":{"line":4,"column":0},"end":{"line":4,"column":116}},"4":{"start":{"line":5,"column":0},"end":{"line":5,"column":64}},"10":{"start":{"line":11,"column":0},"end":{"line":11,"column":80}},"11":{"start":{"line":12,"column":0},"end":{"line":12,"column":26}},"13":{"start":{"line":14,"column":0},"end":{"line":14,"column":10}},"14":{"start":{"line":15,"column":0},"end":{"line":15,"column":70}},"15":{"start":{"line":16,"column":0},"end":{"line":16,"column":19}},"16":{"start":{"line":17,"column":0},"end":{"line":17,"column":56}},"17":{"start":{"line":18,"column":0},"end":{"line":18,"column":60}},"18":{"start":{"line":19,"column":0},"end":{"line":19,"column":20}},"20":{"start":{"line":21,"column":0},"end":{"line":21,"column":20}},"21":{"start":{"line":22,"column":0},"end":{"line":22,"column":21}},"22":{"start":{"line":23,"column":0},"end":{"line":23,"column":42}},"23":{"start":{"line":24,"column":0},"end":{"line":24,"column":33}},"24":{"start":{"line":25,"column":0},"end":{"line":25,"column":91}},"25":{"start":{"line":26,"column":0},"end":{"line":26,"column":24}},"26":{"start":{"line":27,"column":0},"end":{"line":27,"column":22}},"28":{"start":{"line":29,"column":0},"end":{"line":29,"column":21}},"29":{"start":{"line":30,"column":0},"end":{"line":30,"column":43}},"30":{"start":{"line":31,"column":0},"end":{"line":31,"column":89}},"31":{"start":{"line":32,"column":0},"end":{"line":32,"column":22}},"33":{"start":{"line":34,"column":0},"end":{"line":34,"column":21}},"34":{"start":{"line":35,"column":0},"end":{"line":35,"column":50}},"35":{"start":{"line":36,"column":0},"end":{"line":36,"column":73}},"36":{"start":{"line":37,"column":0},"end":{"line":37,"column":22}},"38":{"start":{"line":39,"column":0},"end":{"line":39,"column":21}},"39":{"start":{"line":40,"column":0},"end":{"line":40,"column":42}},"40":{"start":{"line":41,"column":0},"end":{"line":41,"column":74}},"41":{"start":{"line":42,"column":0},"end":{"line":42,"column":22}},"43":{"start":{"line":44,"column":0},"end":{"line":44,"column":21}},"44":{"start":{"line":45,"column":0},"end":{"line":45,"column":51}},"45":{"start":{"line":46,"column":0},"end":{"line":46,"column":77}},"46":{"start":{"line":47,"column":0},"end":{"line":47,"column":22}},"48":{"start":{"line":49,"column":0},"end":{"line":49,"column":21}},"49":{"start":{"line":50,"column":0},"end":{"line":50,"column":48}},"50":{"start":{"line":51,"column":0},"end":{"line":51,"column":74}},"51":{"start":{"line":52,"column":0},"end":{"line":52,"column":22}},"53":{"start":{"line":54,"column":0},"end":{"line":54,"column":21}},"54":{"start":{"line":55,"column":0},"end":{"line":55,"column":56}},"55":{"start":{"line":56,"column":0},"end":{"line":56,"column":117}},"56":{"start":{"line":57,"column":0},"end":{"line":57,"column":22}},"57":{"start":{"line":58,"column":0},"end":{"line":58,"column":21}},"59":{"start":{"line":60,"column":0},"end":{"line":60,"column":22}},"60":{"start":{"line":61,"column":0},"end":{"line":61,"column":21}},"61":{"start":{"line":62,"column":0},"end":{"line":62,"column":89}},"62":{"start":{"line":63,"column":0},"end":{"line":63,"column":22}},"64":{"start":{"line":65,"column":0},"end":{"line":65,"column":25}},"66":{"start":{"line":67,"column":0},"end":{"line":67,"column":2}},"69":{"start":{"line":70,"column":0},"end":{"line":70,"column":34}},"80":{"start":{"line":81,"column":0},"end":{"line":81,"column":38}},"81":{"start":{"line":82,"column":0},"end":{"line":82,"column":57}},"82":{"start":{"line":83,"column":0},"end":{"line":83,"column":61}},"83":{"start":{"line":84,"column":0},"end":{"line":84,"column":52}},"84":{"start":{"line":85,"column":0},"end":{"line":85,"column":56}},"88":{"start":{"line":89,"column":0},"end":{"line":89,"column":76}},"89":{"start":{"line":90,"column":0},"end":{"line":90,"column":20}},"90":{"start":{"line":91,"column":0},"end":{"line":91,"column":8}},"91":{"start":{"line":92,"column":0},"end":{"line":92,"column":19}},"92":{"start":{"line":93,"column":0},"end":{"line":93,"column":8}},"93":{"start":{"line":94,"column":0},"end":{"line":94,"column":31}},"94":{"start":{"line":95,"column":0},"end":{"line":95,"column":4}},"96":{"start":{"line":97,"column":0},"end":{"line":97,"column":36}},"97":{"start":{"line":98,"column":0},"end":{"line":98,"column":51}},"98":{"start":{"line":99,"column":0},"end":{"line":99,"column":4}},"102":{"start":{"line":103,"column":0},"end":{"line":103,"column":55}},"106":{"start":{"line":107,"column":0},"end":{"line":107,"column":31}},"110":{"start":{"line":111,"column":0},"end":{"line":111,"column":50}},"111":{"start":{"line":112,"column":0},"end":{"line":112,"column":59}},"112":{"start":{"line":113,"column":0},"end":{"line":113,"column":46}},"115":{"start":{"line":116,"column":0},"end":{"line":116,"column":30}},"120":{"start":{"line":121,"column":0},"end":{"line":121,"column":30}},"121":{"start":{"line":122,"column":0},"end":{"line":122,"column":53}},"124":{"start":{"line":125,"column":0},"end":{"line":125,"column":32}},"125":{"start":{"line":126,"column":0},"end":{"line":126,"column":50}},"128":{"start":{"line":129,"column":0},"end":{"line":129,"column":31}},"130":{"start":{"line":131,"column":0},"end":{"line":131,"column":55}},"137":{"start":{"line":138,"column":0},"end":{"line":138,"column":32}},"140":{"start":{"line":141,"column":0},"end":{"line":141,"column":50}},"143":{"start":{"line":144,"column":0},"end":{"line":144,"column":32}},"145":{"start":{"line":146,"column":0},"end":{"line":146,"column":67}},"146":{"start":{"line":147,"column":0},"end":{"line":147,"column":69}},"149":{"start":{"line":150,"column":0},"end":{"line":150,"column":31}},"150":{"start":{"line":151,"column":0},"end":{"line":151,"column":50}},"151":{"start":{"line":152,"column":0},"end":{"line":152,"column":67}},"152":{"start":{"line":153,"column":0},"end":{"line":153,"column":62}},"156":{"start":{"line":157,"column":0},"end":{"line":157,"column":37}},"158":{"start":{"line":159,"column":0},"end":{"line":159,"column":78}},"159":{"start":{"line":160,"column":0},"end":{"line":160,"column":59}},"160":{"start":{"line":161,"column":0},"end":{"line":161,"column":46}},"161":{"start":{"line":162,"column":0},"end":{"line":162,"column":60}},"165":{"start":{"line":166,"column":0},"end":{"line":166,"column":65}},"171":{"start":{"line":172,"column":0},"end":{"line":172,"column":31}}},"s":{"0":1,"1":1,"2":1,"3":1,"4":1,"10":1,"11":6,"13":5,"14":5,"15":5,"16":5,"17":5,"18":5,"20":5,"21":5,"22":5,"23":5,"24":5,"25":5,"26":5,"28":5,"29":5,"30":6,"31":6,"33":6,"34":6,"35":6,"36":6,"38":6,"39":6,"40":6,"41":6,"43":6,"44":6,"45":6,"46":6,"48":6,"49":6,"50":6,"51":6,"53":6,"54":6,"55":6,"56":6,"57":6,"59":6,"60":4,"61":4,"62":4,"64":6,"66":6,"69":1,"80":1,"81":1,"82":1,"83":1,"84":1,"88":1,"89":1,"90":1,"91":1,"92":1,"93":1,"94":1,"96":1,"97":1,"98":1,"102":1,"106":1,"110":1,"111":1,"112":1,"115":1,"120":1,"121":1,"124":1,"125":1,"128":1,"130":1,"137":1,"140":1,"143":1,"145":1,"146":1,"149":1,"150":1,"151":1,"152":1,"156":1,"158":1,"159":1,"160":1,"161":1,"165":1,"171":1},"branchMap":{"0":{"type":"branch","line":11,"loc":{"start":{"line":11,"column":18},"end":{"line":67,"column":2}},"locations":[{"start":{"line":11,"column":18},"end":{"line":67,"column":2}}]},"1":{"type":"branch","line":12,"loc":{"start":{"line":12,"column":14},"end":{"line":12,"column":26}},"locations":[{"start":{"line":12,"column":14},"end":{"line":12,"column":26}}]},"2":{"type":"branch","line":12,"loc":{"start":{"line":12,"column":21},"end":{"line":31,"column":39}},"locations":[{"start":{"line":12,"column":21},"end":{"line":31,"column":39}}]},"3":{"type":"branch","line":31,"loc":{"start":{"line":31,"column":30},"end":{"line":31,"column":75}},"locations":[{"start":{"line":31,"column":30},"end":{"line":31,"column":75}}]},"4":{"type":"branch","line":36,"loc":{"start":{"line":36,"column":46},"end":{"line":36,"column":57}},"locations":[{"start":{"line":36,"column":46},"end":{"line":36,"column":57}}]},"5":{"type":"branch","line":41,"loc":{"start":{"line":41,"column":43},"end":{"line":41,"column":52}},"locations":[{"start":{"line":41,"column":43},"end":{"line":41,"column":52}}]},"6":{"type":"branch","line":46,"loc":{"start":{"line":46,"column":43},"end":{"line":46,"column":61}},"locations":[{"start":{"line":46,"column":43},"end":{"line":46,"column":61}}]},"7":{"type":"branch","line":51,"loc":{"start":{"line":51,"column":43},"end":{"line":51,"column":58}},"locations":[{"start":{"line":51,"column":43},"end":{"line":51,"column":58}}]},"8":{"type":"branch","line":56,"loc":{"start":{"line":56,"column":30},"end":{"line":56,"column":93}},"locations":[{"start":{"line":56,"column":30},"end":{"line":56,"column":93}}]},"9":{"type":"branch","line":56,"loc":{"start":{"line":56,"column":89},"end":{"line":56,"column":103}},"locations":[{"start":{"line":56,"column":89},"end":{"line":56,"column":103}}]},"10":{"type":"branch","line":60,"loc":{"start":{"line":60,"column":8},"end":{"line":63,"column":22}},"locations":[{"start":{"line":60,"column":8},"end":{"line":63,"column":22}}]},"11":{"type":"branch","line":82,"loc":{"start":{"line":82,"column":22},"end":{"line":82,"column":55}},"locations":[{"start":{"line":82,"column":22},"end":{"line":82,"column":55}}]},"12":{"type":"branch","line":83,"loc":{"start":{"line":83,"column":19},"end":{"line":83,"column":59}},"locations":[{"start":{"line":83,"column":19},"end":{"line":83,"column":59}}]},"13":{"type":"branch","line":84,"loc":{"start":{"line":84,"column":16},"end":{"line":84,"column":50}},"locations":[{"start":{"line":84,"column":16},"end":{"line":84,"column":50}}]},"14":{"type":"branch","line":85,"loc":{"start":{"line":85,"column":19},"end":{"line":85,"column":54}},"locations":[{"start":{"line":85,"column":19},"end":{"line":85,"column":54}}]},"15":{"type":"branch","line":89,"loc":{"start":{"line":89,"column":4},"end":{"line":95,"column":4}},"locations":[{"start":{"line":89,"column":4},"end":{"line":95,"column":4}}]},"16":{"type":"branch","line":89,"loc":{"start":{"line":89,"column":42},"end":{"line":95,"column":4}},"locations":[{"start":{"line":89,"column":42},"end":{"line":95,"column":4}}]},"17":{"type":"branch","line":97,"loc":{"start":{"line":97,"column":4},"end":{"line":98,"column":51}},"locations":[{"start":{"line":97,"column":4},"end":{"line":98,"column":51}}]},"18":{"type":"branch","line":97,"loc":{"start":{"line":97,"column":26},"end":{"line":98,"column":51}},"locations":[{"start":{"line":97,"column":26},"end":{"line":98,"column":51}}]},"19":{"type":"branch","line":103,"loc":{"start":{"line":103,"column":18},"end":{"line":103,"column":53}},"locations":[{"start":{"line":103,"column":18},"end":{"line":103,"column":53}}]},"20":{"type":"branch","line":111,"loc":{"start":{"line":111,"column":13},"end":{"line":111,"column":48}},"locations":[{"start":{"line":111,"column":13},"end":{"line":111,"column":48}}]},"21":{"type":"branch","line":112,"loc":{"start":{"line":112,"column":22},"end":{"line":112,"column":57}},"locations":[{"start":{"line":112,"column":22},"end":{"line":112,"column":57}}]},"22":{"type":"branch","line":113,"loc":{"start":{"line":113,"column":11},"end":{"line":113,"column":44}},"locations":[{"start":{"line":113,"column":11},"end":{"line":113,"column":44}}]},"23":{"type":"branch","line":122,"loc":{"start":{"line":122,"column":15},"end":{"line":122,"column":51}},"locations":[{"start":{"line":122,"column":15},"end":{"line":122,"column":51}}]},"24":{"type":"branch","line":126,"loc":{"start":{"line":126,"column":13},"end":{"line":126,"column":48}},"locations":[{"start":{"line":126,"column":13},"end":{"line":126,"column":48}}]},"25":{"type":"branch","line":131,"loc":{"start":{"line":131,"column":19},"end":{"line":131,"column":53}},"locations":[{"start":{"line":131,"column":19},"end":{"line":131,"column":53}}]},"26":{"type":"branch","line":141,"loc":{"start":{"line":141,"column":11},"end":{"line":141,"column":48}},"locations":[{"start":{"line":141,"column":11},"end":{"line":141,"column":48}}]},"27":{"type":"branch","line":146,"loc":{"start":{"line":146,"column":16},"end":{"line":146,"column":65}},"locations":[{"start":{"line":146,"column":16},"end":{"line":146,"column":65}}]},"28":{"type":"branch","line":146,"loc":{"start":{"line":146,"column":31},"end":{"line":146,"column":57}},"locations":[{"start":{"line":146,"column":31},"end":{"line":146,"column":57}}]},"29":{"type":"branch","line":146,"loc":{"start":{"line":146,"column":43},"end":{"line":146,"column":65}},"locations":[{"start":{"line":146,"column":43},"end":{"line":146,"column":65}}]},"30":{"type":"branch","line":147,"loc":{"start":{"line":147,"column":17},"end":{"line":147,"column":67}},"locations":[{"start":{"line":147,"column":17},"end":{"line":147,"column":67}}]},"31":{"type":"branch","line":147,"loc":{"start":{"line":147,"column":32},"end":{"line":147,"column":58}},"locations":[{"start":{"line":147,"column":32},"end":{"line":147,"column":58}}]},"32":{"type":"branch","line":147,"loc":{"start":{"line":147,"column":44},"end":{"line":147,"column":67}},"locations":[{"start":{"line":147,"column":44},"end":{"line":147,"column":67}}]},"33":{"type":"branch","line":151,"loc":{"start":{"line":151,"column":13},"end":{"line":151,"column":48}},"locations":[{"start":{"line":151,"column":13},"end":{"line":151,"column":48}}]},"34":{"type":"branch","line":152,"loc":{"start":{"line":152,"column":22},"end":{"line":152,"column":65}},"locations":[{"start":{"line":152,"column":22},"end":{"line":152,"column":65}}]},"35":{"type":"branch","line":153,"loc":{"start":{"line":153,"column":26},"end":{"line":153,"column":60}},"locations":[{"start":{"line":153,"column":26},"end":{"line":153,"column":60}}]},"36":{"type":"branch","line":159,"loc":{"start":{"line":159,"column":13},"end":{"line":159,"column":76}},"locations":[{"start":{"line":159,"column":13},"end":{"line":159,"column":76}}]},"37":{"type":"branch","line":160,"loc":{"start":{"line":160,"column":22},"end":{"line":160,"column":57}},"locations":[{"start":{"line":160,"column":22},"end":{"line":160,"column":57}}]},"38":{"type":"branch","line":161,"loc":{"start":{"line":161,"column":11},"end":{"line":161,"column":44}},"locations":[{"start":{"line":161,"column":11},"end":{"line":161,"column":44}}]},"39":{"type":"branch","line":162,"loc":{"start":{"line":162,"column":19},"end":{"line":162,"column":58}},"locations":[{"start":{"line":162,"column":19},"end":{"line":162,"column":58}}]},"40":{"type":"branch","line":166,"loc":{"start":{"line":166,"column":24},"end":{"line":166,"column":63}},"locations":[{"start":{"line":166,"column":24},"end":{"line":166,"column":63}}]}},"b":{"0":[6],"1":[1],"2":[5],"3":[0],"4":[0],"5":[0],"6":[0],"7":[0],"8":[5],"9":[0],"10":[4],"11":[5],"12":[5],"13":[5],"14":[5],"15":[5],"16":[1],"17":[5],"18":[1],"19":[5],"20":[5],"21":[5],"22":[5],"23":[5],"24":[5],"25":[35],"26":[35],"27":[35],"28":[5],"29":[30],"30":[35],"31":[5],"32":[30],"33":[4],"34":[4],"35":[4],"36":[4],"37":[4],"38":[4],"39":[4],"40":[4]},"fnMap":{"0":{"name":"BlockCard","decl":{"start":{"line":11,"column":18},"end":{"line":67,"column":2}},"loc":{"start":{"line":11,"column":18},"end":{"line":67,"column":2}},"line":11},"1":{"name":"__vite_ssr_import_3__.default.div.theme.theme","decl":{"start":{"line":82,"column":22},"end":{"line":82,"column":55}},"loc":{"start":{"line":82,"column":22},"end":{"line":82,"column":55}},"line":82},"2":{"name":"__vite_ssr_import_3__.default.div.theme.theme","decl":{"start":{"line":83,"column":19},"end":{"line":83,"column":59}},"loc":{"start":{"line":83,"column":19},"end":{"line":83,"column":59}},"line":83},"3":{"name":"__vite_ssr_import_3__.default.div.theme.theme","decl":{"start":{"line":84,"column":16},"end":{"line":84,"column":50}},"loc":{"start":{"line":84,"column":16},"end":{"line":84,"column":50}},"line":84},"4":{"name":"__vite_ssr_import_3__.default.div.isNew.isNew","decl":{"start":{"line":85,"column":19},"end":{"line":85,"column":54}},"loc":{"start":{"line":85,"column":19},"end":{"line":85,"column":54}},"line":85},"5":{"name":"__vite_ssr_import_3__.default.div.isNew.isNew","decl":{"start":{"line":89,"column":4},"end":{"line":95,"column":4}},"loc":{"start":{"line":89,"column":4},"end":{"line":95,"column":4}},"line":89},"6":{"name":"__vite_ssr_import_3__.default.div.theme.theme","decl":{"start":{"line":97,"column":4},"end":{"line":98,"column":51}},"loc":{"start":{"line":97,"column":4},"end":{"line":98,"column":51}},"line":97},"7":{"name":"__vite_ssr_import_3__.default.div.theme.theme","decl":{"start":{"line":111,"column":13},"end":{"line":111,"column":48}},"loc":{"start":{"line":111,"column":13},"end":{"line":111,"column":48}},"line":111},"8":{"name":"__vite_ssr_import_3__.default.div.theme.theme","decl":{"start":{"line":112,"column":22},"end":{"line":112,"column":57}},"loc":{"start":{"line":112,"column":22},"end":{"line":112,"column":57}},"line":112},"9":{"name":"__vite_ssr_import_3__.default.div.theme.theme","decl":{"start":{"line":146,"column":16},"end":{"line":146,"column":65}},"loc":{"start":{"line":146,"column":16},"end":{"line":146,"column":65}},"line":146},"10":{"name":"__vite_ssr_import_3__.default.div.theme.theme","decl":{"start":{"line":151,"column":13},"end":{"line":151,"column":48}},"loc":{"start":{"line":151,"column":13},"end":{"line":151,"column":48}},"line":151},"11":{"name":"__vite_ssr_import_3__.default.div.theme.theme","decl":{"start":{"line":152,"column":22},"end":{"line":152,"column":65}},"loc":{"start":{"line":152,"column":22},"end":{"line":152,"column":65}},"line":152},"12":{"name":"ViewDetailsLink.theme.theme","decl":{"start":{"line":159,"column":13},"end":{"line":159,"column":76}},"loc":{"start":{"line":159,"column":13},"end":{"line":159,"column":76}},"line":159},"13":{"name":"ViewDetailsLink.theme.theme","decl":{"start":{"line":160,"column":22},"end":{"line":160,"column":57}},"loc":{"start":{"line":160,"column":22},"end":{"line":160,"column":57}},"line":160},"14":{"name":"ViewDetailsLink.theme.theme","decl":{"start":{"line":161,"column":11},"end":{"line":161,"column":44}},"loc":{"start":{"line":161,"column":11},"end":{"line":161,"column":44}},"line":161},"15":{"name":"ViewDetailsLink.theme.theme","decl":{"start":{"line":162,"column":19},"end":{"line":162,"column":58}},"loc":{"start":{"line":162,"column":19},"end":{"line":162,"column":58}},"line":162}},"f":{"0":6,"1":5,"2":5,"3":5,"4":5,"5":5,"6":5,"7":5,"8":5,"9":35,"10":4,"11":4,"12":4,"13":4,"14":4,"15":4}}
,"/Users/ajdp/Documents/Coding Assessments/valr/valr-blockchain-explorer/src/components/BlockIcon.jsx": {"path":"/Users/ajdp/Documents/Coding Assessments/valr/valr-blockchain-explorer/src/components/BlockIcon.jsx","all":false,"statementMap":{"0":{"start":{"line":1,"column":0},"end":{"line":1,"column":26}},"1":{"start":{"line":2,"column":0},"end":{"line":2,"column":39}},"6":{"start":{"line":7,"column":0},"end":{"line":7,"column":38}},"7":{"start":{"line":8,"column":0},"end":{"line":8,"column":10}},"8":{"start":{"line":9,"column":0},"end":{"line":9,"column":31}},"9":{"start":{"line":10,"column":0},"end":{"line":10,"column":38}},"10":{"start":{"line":11,"column":0},"end":{"line":11,"column":20}},"12":{"start":{"line":13,"column":0},"end":{"line":13,"column":2}},"14":{"start":{"line":15,"column":0},"end":{"line":15,"column":33}},"18":{"start":{"line":19,"column":0},"end":{"line":19,"column":34}},"19":{"start":{"line":20,"column":0},"end":{"line":20,"column":35}},"25":{"start":{"line":26,"column":0},"end":{"line":26,"column":34}},"27":{"start":{"line":28,"column":0},"end":{"line":28,"column":71}},"34":{"start":{"line":35,"column":0},"end":{"line":35,"column":25}}},"s":{"0":1,"1":1,"6":1,"7":5,"8":5,"9":5,"10":5,"12":5,"14":1,"18":1,"19":1,"25":1,"27":1,"34":1},"branchMap":{"0":{"type":"branch","line":7,"loc":{"start":{"line":7,"column":18},"end":{"line":13,"column":2}},"locations":[{"start":{"line":7,"column":18},"end":{"line":13,"column":2}}]},"1":{"type":"branch","line":19,"loc":{"start":{"line":19,"column":11},"end":{"line":19,"column":30}},"locations":[{"start":{"line":19,"column":11},"end":{"line":19,"column":30}}]},"2":{"type":"branch","line":20,"loc":{"start":{"line":20,"column":12},"end":{"line":20,"column":31}},"locations":[{"start":{"line":20,"column":12},"end":{"line":20,"column":31}}]},"3":{"type":"branch","line":28,"loc":{"start":{"line":28,"column":15},"end":{"line":28,"column":69}},"locations":[{"start":{"line":28,"column":15},"end":{"line":28,"column":69}}]}},"b":{"0":[5],"1":[5],"2":[5],"3":[5]},"fnMap":{"0":{"name":"BlockIcon","decl":{"start":{"line":7,"column":18},"end":{"line":13,"column":2}},"loc":{"start":{"line":7,"column":18},"end":{"line":13,"column":2}},"line":7},"1":{"name":"__vite_ssr_export_default__","decl":{"start":{"line":19,"column":11},"end":{"line":19,"column":30}},"loc":{"start":{"line":19,"column":11},"end":{"line":19,"column":30}},"line":19}},"f":{"0":5,"1":5}}
,"/Users/ajdp/Documents/Coding Assessments/valr/valr-blockchain-explorer/src/components/BlockTable.jsx": {"path":"/Users/ajdp/Documents/Coding Assessments/valr/valr-blockchain-explorer/src/components/BlockTable.jsx","all":false,"statementMap":{"0":{"start":{"line":1,"column":0},"end":{"line":1,"column":65}},"1":{"start":{"line":2,"column":0},"end":{"line":2,"column":40}},"2":{"start":{"line":3,"column":0},"end":{"line":3,"column":39}},"3":{"start":{"line":4,"column":0},"end":{"line":4,"column":114}},"4":{"start":{"line":5,"column":0},"end":{"line":5,"column":36}},"5":{"start":{"line":6,"column":0},"end":{"line":6,"column":81}},"11":{"start":{"line":12,"column":0},"end":{"line":12,"column":47}},"12":{"start":{"line":13,"column":0},"end":{"line":13,"column":57}},"13":{"start":{"line":14,"column":0},"end":{"line":14,"column":69}},"14":{"start":{"line":15,"column":0},"end":{"line":15,"column":59}},"15":{"start":{"line":16,"column":0},"end":{"line":16,"column":35}},"18":{"start":{"line":19,"column":0},"end":{"line":19,"column":19}},"19":{"start":{"line":20,"column":0},"end":{"line":20,"column":47}},"22":{"start":{"line":23,"column":0},"end":{"line":23,"column":84}},"23":{"start":{"line":24,"column":0},"end":{"line":24,"column":79}},"26":{"start":{"line":27,"column":0},"end":{"line":27,"column":31}},"27":{"start":{"line":28,"column":0},"end":{"line":28,"column":35}},"30":{"start":{"line":31,"column":0},"end":{"line":31,"column":81}},"33":{"start":{"line":34,"column":0},"end":{"line":34,"column":49}},"34":{"start":{"line":35,"column":0},"end":{"line":35,"column":46}},"35":{"start":{"line":36,"column":0},"end":{"line":36,"column":9}},"37":{"start":{"line":38,"column":0},"end":{"line":38,"column":43}},"41":{"start":{"line":42,"column":0},"end":{"line":42,"column":67}},"42":{"start":{"line":43,"column":0},"end":{"line":43,"column":24}},"43":{"start":{"line":44,"column":0},"end":{"line":44,"column":30}},"44":{"start":{"line":45,"column":0},"end":{"line":45,"column":35}},"45":{"start":{"line":46,"column":0},"end":{"line":46,"column":5}},"48":{"start":{"line":49,"column":0},"end":{"line":49,"column":40}},"49":{"start":{"line":50,"column":0},"end":{"line":50,"column":15}},"51":{"start":{"line":52,"column":0},"end":{"line":52,"column":42}},"52":{"start":{"line":53,"column":0},"end":{"line":53,"column":27}},"53":{"start":{"line":54,"column":0},"end":{"line":54,"column":53}},"54":{"start":{"line":55,"column":0},"end":{"line":55,"column":4}},"56":{"start":{"line":57,"column":0},"end":{"line":57,"column":34}},"57":{"start":{"line":58,"column":0},"end":{"line":58,"column":26}},"58":{"start":{"line":59,"column":0},"end":{"line":59,"column":4}},"60":{"start":{"line":61,"column":0},"end":{"line":61,"column":34}},"61":{"start":{"line":62,"column":0},"end":{"line":62,"column":23}},"62":{"start":{"line":63,"column":0},"end":{"line":63,"column":55}},"63":{"start":{"line":64,"column":0},"end":{"line":64,"column":5}},"64":{"start":{"line":65,"column":0},"end":{"line":65,"column":4}},"66":{"start":{"line":67,"column":0},"end":{"line":67,"column":18}},"67":{"start":{"line":68,"column":0},"end":{"line":68,"column":12}},"68":{"start":{"line":69,"column":0},"end":{"line":69,"column":24}},"69":{"start":{"line":70,"column":0},"end":{"line":70,"column":26}},"70":{"start":{"line":71,"column":0},"end":{"line":71,"column":58}},"71":{"start":{"line":72,"column":0},"end":{"line":72,"column":25}},"73":{"start":{"line":74,"column":0},"end":{"line":74,"column":3}},"75":{"start":{"line":76,"column":0},"end":{"line":76,"column":39}},"76":{"start":{"line":77,"column":0},"end":{"line":77,"column":56}},"77":{"start":{"line":78,"column":0},"end":{"line":78,"column":3}},"79":{"start":{"line":80,"column":0},"end":{"line":80,"column":10}},"80":{"start":{"line":81,"column":0},"end":{"line":81,"column":20}},"81":{"start":{"line":82,"column":0},"end":{"line":82,"column":19}},"82":{"start":{"line":83,"column":0},"end":{"line":83,"column":19}},"83":{"start":{"line":84,"column":0},"end":{"line":84,"column":20}},"84":{"start":{"line":85,"column":0},"end":{"line":85,"column":45}},"85":{"start":{"line":86,"column":0},"end":{"line":86,"column":43}},"86":{"start":{"line":87,"column":0},"end":{"line":87,"column":44}},"87":{"start":{"line":88,"column":0},"end":{"line":88,"column":44}},"88":{"start":{"line":89,"column":0},"end":{"line":89,"column":43}},"89":{"start":{"line":90,"column":0},"end":{"line":90,"column":21}},"90":{"start":{"line":91,"column":0},"end":{"line":91,"column":20}},"92":{"start":{"line":93,"column":0},"end":{"line":93,"column":19}},"93":{"start":{"line":94,"column":0},"end":{"line":94,"column":34}},"94":{"start":{"line":95,"column":0},"end":{"line":95,"column":22}},"95":{"start":{"line":96,"column":0},"end":{"line":96,"column":31}},"96":{"start":{"line":97,"column":0},"end":{"line":97,"column":62}},"97":{"start":{"line":98,"column":0},"end":{"line":98,"column":45}},"98":{"start":{"line":99,"column":0},"end":{"line":99,"column":43}},"99":{"start":{"line":100,"column":0},"end":{"line":100,"column":62}},"100":{"start":{"line":101,"column":0},"end":{"line":101,"column":57}},"102":{"start":{"line":103,"column":0},"end":{"line":103,"column":25}},"103":{"start":{"line":104,"column":0},"end":{"line":104,"column":60}},"104":{"start":{"line":105,"column":0},"end":{"line":105,"column":47}},"105":{"start":{"line":106,"column":0},"end":{"line":106,"column":29}},"106":{"start":{"line":107,"column":0},"end":{"line":107,"column":26}},"108":{"start":{"line":109,"column":0},"end":{"line":109,"column":25}},"109":{"start":{"line":110,"column":0},"end":{"line":110,"column":58}},"110":{"start":{"line":111,"column":0},"end":{"line":111,"column":54}},"111":{"start":{"line":112,"column":0},"end":{"line":112,"column":27}},"112":{"start":{"line":113,"column":0},"end":{"line":113,"column":26}},"114":{"start":{"line":115,"column":0},"end":{"line":115,"column":66}},"115":{"start":{"line":116,"column":0},"end":{"line":116,"column":43}},"116":{"start":{"line":117,"column":0},"end":{"line":117,"column":26}},"118":{"start":{"line":119,"column":0},"end":{"line":119,"column":25}},"119":{"start":{"line":120,"column":0},"end":{"line":120,"column":53}},"120":{"start":{"line":121,"column":0},"end":{"line":121,"column":26}},"122":{"start":{"line":123,"column":0},"end":{"line":123,"column":25}},"123":{"start":{"line":124,"column":0},"end":{"line":124,"column":53}},"124":{"start":{"line":125,"column":0},"end":{"line":125,"column":26}},"125":{"start":{"line":126,"column":0},"end":{"line":126,"column":23}},"126":{"start":{"line":127,"column":0},"end":{"line":127,"column":13}},"127":{"start":{"line":128,"column":0},"end":{"line":128,"column":20}},"128":{"start":{"line":129,"column":0},"end":{"line":129,"column":20}},"131":{"start":{"line":132,"column":0},"end":{"line":132,"column":24}},"132":{"start":{"line":133,"column":0},"end":{"line":133,"column":25}},"133":{"start":{"line":134,"column":0},"end":{"line":134,"column":29}},"134":{"start":{"line":135,"column":0},"end":{"line":135,"column":29}},"135":{"start":{"line":136,"column":0},"end":{"line":136,"column":46}},"137":{"start":{"line":138,"column":0},"end":{"line":138,"column":61}},"138":{"start":{"line":139,"column":0},"end":{"line":139,"column":27}},"140":{"start":{"line":141,"column":0},"end":{"line":141,"column":21}},"142":{"start":{"line":143,"column":0},"end":{"line":143,"column":2}},"145":{"start":{"line":146,"column":0},"end":{"line":146,"column":34}},"148":{"start":{"line":149,"column":0},"end":{"line":149,"column":58}},"149":{"start":{"line":150,"column":0},"end":{"line":150,"column":61}},"150":{"start":{"line":151,"column":0},"end":{"line":151,"column":57}},"154":{"start":{"line":155,"column":0},"end":{"line":155,"column":33}},"157":{"start":{"line":158,"column":0},"end":{"line":158,"column":54}},"160":{"start":{"line":161,"column":0},"end":{"line":161,"column":31}},"161":{"start":{"line":162,"column":0},"end":{"line":162,"column":67}},"164":{"start":{"line":165,"column":0},"end":{"line":165,"column":31}},"166":{"start":{"line":167,"column":0},"end":{"line":167,"column":69}},"170":{"start":{"line":171,"column":0},"end":{"line":171,"column":27}},"173":{"start":{"line":174,"column":0},"end":{"line":174,"column":76}},"174":{"start":{"line":175,"column":0},"end":{"line":175,"column":20}},"175":{"start":{"line":176,"column":0},"end":{"line":176,"column":8}},"176":{"start":{"line":177,"column":0},"end":{"line":177,"column":19}},"177":{"start":{"line":178,"column":0},"end":{"line":178,"column":8}},"178":{"start":{"line":179,"column":0},"end":{"line":179,"column":31}},"179":{"start":{"line":180,"column":0},"end":{"line":180,"column":4}},"182":{"start":{"line":183,"column":0},"end":{"line":183,"column":69}},"186":{"start":{"line":187,"column":0},"end":{"line":187,"column":30}},"190":{"start":{"line":191,"column":0},"end":{"line":191,"column":45}},"191":{"start":{"line":192,"column":0},"end":{"line":192,"column":65}},"194":{"start":{"line":195,"column":0},"end":{"line":195,"column":28}},"197":{"start":{"line":198,"column":0},"end":{"line":198,"column":65}},"200":{"start":{"line":201,"column":0},"end":{"line":201,"column":32}},"201":{"start":{"line":202,"column":0},"end":{"line":202,"column":48}},"210":{"start":{"line":211,"column":0},"end":{"line":211,"column":30}},"211":{"start":{"line":212,"column":0},"end":{"line":212,"column":48}},"220":{"start":{"line":221,"column":0},"end":{"line":221,"column":36}},"223":{"start":{"line":224,"column":0},"end":{"line":224,"column":35}},"224":{"start":{"line":225,"column":0},"end":{"line":225,"column":36}},"231":{"start":{"line":232,"column":0},"end":{"line":232,"column":36}},"237":{"start":{"line":238,"column":0},"end":{"line":238,"column":57}},"238":{"start":{"line":239,"column":0},"end":{"line":239,"column":58}},"239":{"start":{"line":240,"column":0},"end":{"line":240,"column":61}},"242":{"start":{"line":243,"column":0},"end":{"line":243,"column":34}},"247":{"start":{"line":248,"column":0},"end":{"line":248,"column":60}},"257":{"start":{"line":258,"column":0},"end":{"line":258,"column":34}},"258":{"start":{"line":259,"column":0},"end":{"line":259,"column":50}},"259":{"start":{"line":260,"column":0},"end":{"line":260,"column":54}},"262":{"start":{"line":263,"column":0},"end":{"line":263,"column":32}},"265":{"start":{"line":266,"column":0},"end":{"line":266,"column":67}},"266":{"start":{"line":267,"column":0},"end":{"line":267,"column":61}},"267":{"start":{"line":268,"column":0},"end":{"line":268,"column":50}},"270":{"start":{"line":271,"column":0},"end":{"line":271,"column":32}}},"s":{"0":1,"1":1,"2":1,"3":1,"4":1,"5":1,"11":1,"12":18,"13":18,"14":18,"15":18,"18":18,"19":9,"22":5,"23":5,"26":5,"27":5,"30":5,"33":5,"34":10,"35":5,"37":5,"41":5,"42":5,"43":1,"44":5,"45":5,"48":5,"49":18,"51":18,"52":2,"53":2,"54":2,"56":18,"57":1,"58":1,"60":18,"61":1,"62":1,"63":1,"64":1,"66":18,"67":2,"68":2,"69":2,"70":2,"71":2,"73":2,"75":18,"76":2,"77":2,"79":14,"80":14,"81":14,"82":14,"83":14,"84":14,"85":14,"86":14,"87":14,"88":14,"89":14,"90":14,"92":14,"93":14,"94":28,"95":28,"96":28,"97":28,"98":28,"99":28,"100":28,"102":28,"103":28,"104":28,"105":28,"106":28,"108":28,"109":28,"110":28,"111":28,"112":28,"114":28,"115":28,"116":28,"118":28,"119":28,"120":28,"122":28,"123":28,"124":28,"125":28,"126":14,"127":14,"128":14,"131":14,"132":3,"133":3,"134":3,"135":3,"137":3,"138":3,"140":18,"142":18,"145":1,"148":1,"149":1,"150":1,"154":1,"157":1,"160":1,"161":1,"164":1,"166":1,"170":1,"173":1,"174":18,"175":18,"176":18,"177":18,"178":18,"179":18,"182":1,"186":1,"190":1,"191":1,"194":1,"197":1,"200":1,"201":1,"210":1,"211":1,"220":1,"223":1,"224":1,"231":1,"237":1,"238":1,"239":1,"242":1,"247":1,"257":1,"258":1,"259":1,"262":1,"265":1,"266":1,"267":1,"270":1},"branchMap":{"0":{"type":"branch","line":12,"loc":{"start":{"line":12,"column":19},"end":{"line":143,"column":2}},"locations":[{"start":{"line":12,"column":19},"end":{"line":143,"column":2}}]},"1":{"type":"branch","line":67,"loc":{"start":{"line":67,"column":17},"end":{"line":74,"column":3}},"locations":[{"start":{"line":67,"column":17},"end":{"line":74,"column":3}}]},"2":{"type":"branch","line":74,"loc":{"start":{"line":74,"column":2},"end":{"line":76,"column":38}},"locations":[{"start":{"line":74,"column":2},"end":{"line":76,"column":38}}]},"3":{"type":"branch","line":76,"loc":{"start":{"line":76,"column":38},"end":{"line":78,"column":3}},"locations":[{"start":{"line":76,"column":38},"end":{"line":78,"column":3}}]},"4":{"type":"branch","line":78,"loc":{"start":{"line":78,"column":2},"end":{"line":132,"column":24}},"locations":[{"start":{"line":78,"column":2},"end":{"line":132,"column":24}}]},"5":{"type":"branch","line":132,"loc":{"start":{"line":132,"column":7},"end":{"line":139,"column":27}},"locations":[{"start":{"line":132,"column":7},"end":{"line":139,"column":27}}]},"6":{"type":"branch","line":19,"loc":{"start":{"line":19,"column":12},"end":{"line":50,"column":5}},"locations":[{"start":{"line":19,"column":12},"end":{"line":50,"column":5}}]},"7":{"type":"branch","line":20,"loc":{"start":{"line":20,"column":40},"end":{"line":20,"column":47}},"locations":[{"start":{"line":20,"column":40},"end":{"line":20,"column":47}}]},"8":{"type":"branch","line":20,"loc":{"start":{"line":20,"column":40},"end":{"line":49,"column":40}},"locations":[{"start":{"line":20,"column":40},"end":{"line":49,"column":40}}]},"9":{"type":"branch","line":24,"loc":{"start":{"line":24,"column":36},"end":{"line":24,"column":77}},"locations":[{"start":{"line":24,"column":36},"end":{"line":24,"column":77}}]},"10":{"type":"branch","line":31,"loc":{"start":{"line":31,"column":50},"end":{"line":31,"column":79}},"locations":[{"start":{"line":31,"column":50},"end":{"line":31,"column":79}}]},"11":{"type":"branch","line":34,"loc":{"start":{"line":34,"column":30},"end":{"line":36,"column":7}},"locations":[{"start":{"line":34,"column":30},"end":{"line":36,"column":7}}]},"12":{"type":"branch","line":43,"loc":{"start":{"line":43,"column":17},"end":{"line":45,"column":9}},"locations":[{"start":{"line":43,"column":17},"end":{"line":45,"column":9}}]},"13":{"type":"branch","line":52,"loc":{"start":{"line":52,"column":27},"end":{"line":55,"column":4}},"locations":[{"start":{"line":52,"column":27},"end":{"line":55,"column":4}}]},"14":{"type":"branch","line":57,"loc":{"start":{"line":57,"column":27},"end":{"line":59,"column":4}},"locations":[{"start":{"line":57,"column":27},"end":{"line":59,"column":4}}]},"15":{"type":"branch","line":61,"loc":{"start":{"line":61,"column":26},"end":{"line":65,"column":4}},"locations":[{"start":{"line":61,"column":26},"end":{"line":65,"column":4}}]},"16":{"type":"branch","line":94,"loc":{"start":{"line":94,"column":22},"end":{"line":126,"column":23}},"locations":[{"start":{"line":94,"column":22},"end":{"line":126,"column":23}}]},"17":{"type":"branch","line":120,"loc":{"start":{"line":120,"column":37},"end":{"line":120,"column":51}},"locations":[{"start":{"line":120,"column":37},"end":{"line":120,"column":51}}]},"18":{"type":"branch","line":124,"loc":{"start":{"line":124,"column":36},"end":{"line":124,"column":45}},"locations":[{"start":{"line":124,"column":36},"end":{"line":124,"column":45}}]},"19":{"type":"branch","line":97,"loc":{"start":{"line":97,"column":28},"end":{"line":97,"column":62}},"locations":[{"start":{"line":97,"column":28},"end":{"line":97,"column":62}}]},"20":{"type":"branch","line":149,"loc":{"start":{"line":149,"column":22},"end":{"line":149,"column":56}},"locations":[{"start":{"line":149,"column":22},"end":{"line":149,"column":56}}]},"21":{"type":"branch","line":150,"loc":{"start":{"line":150,"column":19},"end":{"line":150,"column":59}},"locations":[{"start":{"line":150,"column":19},"end":{"line":150,"column":59}}]},"22":{"type":"branch","line":151,"loc":{"start":{"line":151,"column":22},"end":{"line":151,"column":55}},"locations":[{"start":{"line":151,"column":22},"end":{"line":151,"column":55}}]},"23":{"type":"branch","line":158,"loc":{"start":{"line":158,"column":15},"end":{"line":158,"column":52}},"locations":[{"start":{"line":158,"column":15},"end":{"line":158,"column":52}}]},"24":{"type":"branch","line":162,"loc":{"start":{"line":162,"column":22},"end":{"line":162,"column":65}},"locations":[{"start":{"line":162,"column":22},"end":{"line":162,"column":65}}]},"25":{"type":"branch","line":167,"loc":{"start":{"line":167,"column":24},"end":{"line":167,"column":67}},"locations":[{"start":{"line":167,"column":24},"end":{"line":167,"column":67}}]},"26":{"type":"branch","line":174,"loc":{"start":{"line":174,"column":4},"end":{"line":180,"column":4}},"locations":[{"start":{"line":174,"column":4},"end":{"line":180,"column":4}}]},"27":{"type":"branch","line":174,"loc":{"start":{"line":174,"column":42},"end":{"line":180,"column":4}},"locations":[{"start":{"line":174,"column":42},"end":{"line":180,"column":4}}]},"28":{"type":"branch","line":183,"loc":{"start":{"line":183,"column":24},"end":{"line":183,"column":67}},"locations":[{"start":{"line":183,"column":24},"end":{"line":183,"column":67}}]},"29":{"type":"branch","line":191,"loc":{"start":{"line":191,"column":11},"end":{"line":191,"column":43}},"locations":[{"start":{"line":191,"column":11},"end":{"line":191,"column":43}}]},"30":{"type":"branch","line":192,"loc":{"start":{"line":192,"column":29},"end":{"line":192,"column":63}},"locations":[{"start":{"line":192,"column":29},"end":{"line":192,"column":63}}]},"31":{"type":"branch","line":198,"loc":{"start":{"line":198,"column":29},"end":{"line":198,"column":63}},"locations":[{"start":{"line":198,"column":29},"end":{"line":198,"column":63}}]},"32":{"type":"branch","line":202,"loc":{"start":{"line":202,"column":11},"end":{"line":202,"column":46}},"locations":[{"start":{"line":202,"column":11},"end":{"line":202,"column":46}}]},"33":{"type":"branch","line":212,"loc":{"start":{"line":212,"column":11},"end":{"line":212,"column":46}},"locations":[{"start":{"line":212,"column":11},"end":{"line":212,"column":46}}]},"34":{"type":"branch","line":224,"loc":{"start":{"line":224,"column":9},"end":{"line":224,"column":33}},"locations":[{"start":{"line":224,"column":9},"end":{"line":224,"column":33}}]},"35":{"type":"branch","line":225,"loc":{"start":{"line":225,"column":10},"end":{"line":225,"column":34}},"locations":[{"start":{"line":225,"column":10},"end":{"line":225,"column":34}}]},"36":{"type":"branch","line":238,"loc":{"start":{"line":238,"column":22},"end":{"line":238,"column":55}},"locations":[{"start":{"line":238,"column":22},"end":{"line":238,"column":55}}]},"37":{"type":"branch","line":239,"loc":{"start":{"line":239,"column":22},"end":{"line":239,"column":56}},"locations":[{"start":{"line":239,"column":22},"end":{"line":239,"column":56}}]},"38":{"type":"branch","line":240,"loc":{"start":{"line":240,"column":19},"end":{"line":240,"column":59}},"locations":[{"start":{"line":240,"column":19},"end":{"line":240,"column":59}}]},"39":{"type":"branch","line":248,"loc":{"start":{"line":248,"column":23},"end":{"line":248,"column":58}},"locations":[{"start":{"line":248,"column":23},"end":{"line":248,"column":58}}]},"40":{"type":"branch","line":259,"loc":{"start":{"line":259,"column":11},"end":{"line":259,"column":48}},"locations":[{"start":{"line":259,"column":11},"end":{"line":259,"column":48}}]},"41":{"type":"branch","line":260,"loc":{"start":{"line":260,"column":15},"end":{"line":260,"column":52}},"locations":[{"start":{"line":260,"column":15},"end":{"line":260,"column":52}}]},"42":{"type":"branch","line":266,"loc":{"start":{"line":266,"column":22},"end":{"line":266,"column":65}},"locations":[{"start":{"line":266,"column":22},"end":{"line":266,"column":65}}]},"43":{"type":"branch","line":267,"loc":{"start":{"line":267,"column":19},"end":{"line":267,"column":59}},"locations":[{"start":{"line":267,"column":19},"end":{"line":267,"column":59}}]},"44":{"type":"branch","line":268,"loc":{"start":{"line":268,"column":11},"end":{"line":268,"column":48}},"locations":[{"start":{"line":268,"column":11},"end":{"line":268,"column":48}}]}},"b":{"0":[18],"1":[2],"2":[16],"3":[2],"4":[14],"5":[3],"6":[9],"7":[4],"8":[5],"9":[10],"10":[5],"11":[10],"12":[1],"13":[2],"14":[1],"15":[1],"16":[28],"17":[0],"18":[0],"19":[2],"20":[14],"21":[14],"22":[14],"23":[14],"24":[14],"25":[14],"26":[42],"27":[18],"28":[42],"29":[70],"30":[70],"31":[140],"32":[28],"33":[28],"34":[3],"35":[3],"36":[2],"37":[2],"38":[2],"39":[2],"40":[2],"41":[2],"42":[2],"43":[2],"44":[2]},"fnMap":{"0":{"name":"BlockTable","decl":{"start":{"line":12,"column":19},"end":{"line":143,"column":2}},"loc":{"start":{"line":12,"column":19},"end":{"line":143,"column":2}},"line":12},"1":{"name":"handleMouseEnter","decl":{"start":{"line":52,"column":27},"end":{"line":55,"column":4}},"loc":{"start":{"line":52,"column":27},"end":{"line":55,"column":4}},"line":52},"2":{"name":"handleMouseLeave","decl":{"start":{"line":57,"column":27},"end":{"line":59,"column":4}},"loc":{"start":{"line":57,"column":27},"end":{"line":59,"column":4}},"line":57},"3":{"name":"handleMouseMove","decl":{"start":{"line":61,"column":26},"end":{"line":65,"column":4}},"loc":{"start":{"line":61,"column":26},"end":{"line":65,"column":4}},"line":61},"4":{"name":"onMouseEnter","decl":{"start":{"line":97,"column":28},"end":{"line":97,"column":62}},"loc":{"start":{"line":97,"column":28},"end":{"line":97,"column":62}},"line":97},"5":{"name":"onClick","decl":{"start":{"line":136,"column":19},"end":{"line":136,"column":46}},"loc":{"start":{"line":136,"column":19},"end":{"line":136,"column":46}},"line":136},"6":{"name":"__vite_ssr_import_3__.default.div.theme.theme","decl":{"start":{"line":149,"column":22},"end":{"line":149,"column":56}},"loc":{"start":{"line":149,"column":22},"end":{"line":149,"column":56}},"line":149},"7":{"name":"__vite_ssr_import_3__.default.div.theme.theme","decl":{"start":{"line":150,"column":19},"end":{"line":150,"column":59}},"loc":{"start":{"line":150,"column":19},"end":{"line":150,"column":59}},"line":150},"8":{"name":"__vite_ssr_import_3__.default.tr.theme.theme","decl":{"start":{"line":174,"column":4},"end":{"line":180,"column":4}},"loc":{"start":{"line":174,"column":4},"end":{"line":180,"column":4}},"line":174},"9":{"name":"__vite_ssr_import_3__.default.th.theme.theme","decl":{"start":{"line":191,"column":11},"end":{"line":191,"column":43}},"loc":{"start":{"line":191,"column":11},"end":{"line":191,"column":43}},"line":191},"10":{"name":"__vite_ssr_import_3__.default.div.x.x","decl":{"start":{"line":224,"column":9},"end":{"line":224,"column":33}},"loc":{"start":{"line":224,"column":9},"end":{"line":224,"column":33}},"line":224},"11":{"name":"__vite_ssr_import_3__.default.div.theme.theme","decl":{"start":{"line":238,"column":22},"end":{"line":238,"column":55}},"loc":{"start":{"line":238,"column":22},"end":{"line":238,"column":55}},"line":238},"12":{"name":"__vite_ssr_import_3__.default.div.theme.theme","decl":{"start":{"line":239,"column":22},"end":{"line":239,"column":56}},"loc":{"start":{"line":239,"column":22},"end":{"line":239,"column":56}},"line":239},"13":{"name":"__vite_ssr_import_3__.default.div.theme.theme","decl":{"start":{"line":259,"column":11},"end":{"line":259,"column":48}},"loc":{"start":{"line":259,"column":11},"end":{"line":259,"column":48}},"line":259},"14":{"name":"__vite_ssr_import_3__.default.div.theme.theme","decl":{"start":{"line":266,"column":22},"end":{"line":266,"column":65}},"loc":{"start":{"line":266,"column":22},"end":{"line":266,"column":65}},"line":266},"15":{"name":"__vite_ssr_import_3__.default.div.theme.theme","decl":{"start":{"line":267,"column":19},"end":{"line":267,"column":59}},"loc":{"start":{"line":267,"column":19},"end":{"line":267,"column":59}},"line":267}},"f":{"0":18,"1":2,"2":1,"3":1,"4":2,"5":0,"6":14,"7":14,"8":42,"9":70,"10":3,"11":2,"12":2,"13":2,"14":2,"15":2}}
,"/Users/ajdp/Documents/Coding Assessments/valr/valr-blockchain-explorer/src/components/CryptoPriceCard.jsx": {"path":"/Users/ajdp/Documents/Coding Assessments/valr/valr-blockchain-explorer/src/components/CryptoPriceCard.jsx","all":false,"statementMap":{"0":{"start":{"line":1,"column":0},"end":{"line":1,"column":26}},"1":{"start":{"line":2,"column":0},"end":{"line":2,"column":39}},"2":{"start":{"line":3,"column":0},"end":{"line":3,"column":51}},"3":{"start":{"line":4,"column":0},"end":{"line":4,"column":81}},"9":{"start":{"line":10,"column":0},"end":{"line":10,"column":76}},"10":{"start":{"line":11,"column":0},"end":{"line":11,"column":69}},"13":{"start":{"line":14,"column":0},"end":{"line":14,"column":35}},"15":{"start":{"line":16,"column":0},"end":{"line":16,"column":10}},"16":{"start":{"line":17,"column":0},"end":{"line":17,"column":65}},"17":{"start":{"line":18,"column":0},"end":{"line":18,"column":18}},"18":{"start":{"line":19,"column":0},"end":{"line":19,"column":52}},"19":{"start":{"line":20,"column":0},"end":{"line":20,"column":39}},"20":{"start":{"line":21,"column":0},"end":{"line":21,"column":45}},"21":{"start":{"line":22,"column":0},"end":{"line":22,"column":19}},"23":{"start":{"line":24,"column":0},"end":{"line":24,"column":20}},"24":{"start":{"line":25,"column":0},"end":{"line":25,"column":59}},"25":{"start":{"line":26,"column":0},"end":{"line":26,"column":38}},"26":{"start":{"line":27,"column":0},"end":{"line":27,"column":67}},"27":{"start":{"line":28,"column":0},"end":{"line":28,"column":22}},"28":{"start":{"line":29,"column":0},"end":{"line":29,"column":21}},"30":{"start":{"line":31,"column":0},"end":{"line":31,"column":24}},"31":{"start":{"line":32,"column":0},"end":{"line":32,"column":51}},"32":{"start":{"line":33,"column":0},"end":{"line":33,"column":67}},"33":{"start":{"line":34,"column":0},"end":{"line":34,"column":25}},"34":{"start":{"line":35,"column":0},"end":{"line":35,"column":20}},"36":{"start":{"line":37,"column":0},"end":{"line":37,"column":2}},"39":{"start":{"line":40,"column":0},"end":{"line":40,"column":33}},"40":{"start":{"line":41,"column":0},"end":{"line":41,"column":57}},"41":{"start":{"line":42,"column":0},"end":{"line":42,"column":61}},"42":{"start":{"line":43,"column":0},"end":{"line":43,"column":52}},"50":{"start":{"line":51,"column":0},"end":{"line":51,"column":76}},"51":{"start":{"line":52,"column":0},"end":{"line":52,"column":20}},"52":{"start":{"line":53,"column":0},"end":{"line":53,"column":8}},"53":{"start":{"line":54,"column":0},"end":{"line":54,"column":19}},"54":{"start":{"line":55,"column":0},"end":{"line":55,"column":8}},"55":{"start":{"line":56,"column":0},"end":{"line":56,"column":31}},"56":{"start":{"line":57,"column":0},"end":{"line":57,"column":4}},"58":{"start":{"line":59,"column":0},"end":{"line":59,"column":36}},"59":{"start":{"line":60,"column":0},"end":{"line":60,"column":51}},"60":{"start":{"line":61,"column":0},"end":{"line":61,"column":4}},"67":{"start":{"line":68,"column":0},"end":{"line":68,"column":30}},"79":{"start":{"line":80,"column":0},"end":{"line":80,"column":30}},"89":{"start":{"line":90,"column":0},"end":{"line":90,"column":29}},"90":{"start":{"line":91,"column":0},"end":{"line":91,"column":54}},"96":{"start":{"line":97,"column":0},"end":{"line":97,"column":55}},"100":{"start":{"line":101,"column":0},"end":{"line":101,"column":33}},"101":{"start":{"line":102,"column":0},"end":{"line":102,"column":53}},"102":{"start":{"line":103,"column":0},"end":{"line":103,"column":50}},"106":{"start":{"line":107,"column":0},"end":{"line":107,"column":32}},"113":{"start":{"line":114,"column":0},"end":{"line":114,"column":33}},"114":{"start":{"line":115,"column":0},"end":{"line":115,"column":53}},"120":{"start":{"line":121,"column":0},"end":{"line":121,"column":56}},"124":{"start":{"line":125,"column":0},"end":{"line":125,"column":32}},"125":{"start":{"line":126,"column":0},"end":{"line":126,"column":53}},"127":{"start":{"line":128,"column":0},"end":{"line":128,"column":82}},"130":{"start":{"line":131,"column":0},"end":{"line":131,"column":36}},"137":{"start":{"line":138,"column":0},"end":{"line":138,"column":35}},"138":{"start":{"line":139,"column":0},"end":{"line":139,"column":53}},"139":{"start":{"line":140,"column":0},"end":{"line":140,"column":50}},"142":{"start":{"line":143,"column":0},"end":{"line":143,"column":35}},"143":{"start":{"line":144,"column":0},"end":{"line":144,"column":53}},"148":{"start":{"line":149,"column":0},"end":{"line":149,"column":31}}},"s":{"0":1,"1":1,"2":1,"3":1,"9":1,"10":6,"13":6,"15":6,"16":6,"17":6,"18":6,"19":6,"20":6,"21":6,"23":6,"24":6,"25":6,"26":6,"27":6,"28":6,"30":6,"31":6,"32":6,"33":6,"34":6,"36":6,"39":1,"40":1,"41":1,"42":1,"50":1,"51":1,"52":1,"53":1,"54":1,"55":1,"56":1,"58":1,"59":1,"60":1,"67":1,"79":1,"89":1,"90":1,"96":1,"100":1,"101":1,"102":1,"106":1,"113":1,"114":1,"120":1,"124":1,"125":1,"127":1,"130":1,"137":1,"138":1,"139":1,"142":1,"143":1,"148":1},"branchMap":{"0":{"type":"branch","line":10,"loc":{"start":{"line":10,"column":24},"end":{"line":37,"column":2}},"locations":[{"start":{"line":10,"column":24},"end":{"line":37,"column":2}}]},"1":{"type":"branch","line":19,"loc":{"start":{"line":19,"column":9},"end":{"line":19,"column":52}},"locations":[{"start":{"line":19,"column":9},"end":{"line":19,"column":52}}]},"2":{"type":"branch","line":27,"loc":{"start":{"line":27,"column":11},"end":{"line":27,"column":29}},"locations":[{"start":{"line":27,"column":11},"end":{"line":27,"column":29}}]},"3":{"type":"branch","line":27,"loc":{"start":{"line":27,"column":23},"end":{"line":27,"column":33}},"locations":[{"start":{"line":27,"column":23},"end":{"line":27,"column":33}}]},"4":{"type":"branch","line":41,"loc":{"start":{"line":41,"column":22},"end":{"line":41,"column":55}},"locations":[{"start":{"line":41,"column":22},"end":{"line":41,"column":55}}]},"5":{"type":"branch","line":42,"loc":{"start":{"line":42,"column":19},"end":{"line":42,"column":59}},"locations":[{"start":{"line":42,"column":19},"end":{"line":42,"column":59}}]},"6":{"type":"branch","line":43,"loc":{"start":{"line":43,"column":16},"end":{"line":43,"column":50}},"locations":[{"start":{"line":43,"column":16},"end":{"line":43,"column":50}}]},"7":{"type":"branch","line":51,"loc":{"start":{"line":51,"column":4},"end":{"line":57,"column":4}},"locations":[{"start":{"line":51,"column":4},"end":{"line":57,"column":4}}]},"8":{"type":"branch","line":51,"loc":{"st
[...]
4,"235":14,"236":14,"237":14,"238":14,"239":14,"240":14,"241":14,"242":14,"243":14,"244":16,"245":56,"246":56,"247":13,"248":13,"249":56,"250":1,"251":1,"252":1,"254":1,"255":1,"256":1,"257":1,"258":1,"259":1,"260":7,"261":7,"262":7,"263":2,"264":2,"265":5,"266":5,"267":5,"268":7,"269":2,"270":2,"271":2,"272":2,"273":1,"274":1,"275":1,"276":2,"277":2,"278":2,"279":1,"280":1,"281":1,"282":7,"283":3,"284":3,"285":3,"286":4,"287":4,"288":4,"289":7,"290":3,"291":7,"292":1,"293":1,"294":0,"295":0,"296":4,"297":4,"298":4,"299":7,"300":1,"301":1,"303":3,"304":3,"305":3,"306":3,"307":3,"308":3,"309":3,"310":7,"311":0,"312":0,"313":3,"314":3,"315":7,"316":0,"317":0,"318":3,"319":3,"320":3,"321":3,"322":3,"323":3,"324":3,"325":3,"326":3,"327":3,"328":7,"329":0,"330":0,"331":7,"332":3,"333":3,"334":3,"335":3,"336":3,"337":3,"338":3,"339":3,"340":3,"341":3,"342":3,"343":7,"344":0,"345":0,"346":3,"347":3,"348":3,"349":3,"350":3,"351":3,"352":7,"353":0,"354":0,"355":0,"356":7,"357":0,"358":0,"359":0,"360":7},"branchMap":{"0":{"type":"branch","line":6,"loc":{"start":{"line":6,"column":31},"end":{"line":18,"column":2}},"locations":[{"start":{"line":6,"column":31},"end":{"line":18,"column":2}}]},"1":{"type":"branch","line":7,"loc":{"start":{"line":7,"column":18},"end":{"line":7,"column":35}},"locations":[{"start":{"line":7,"column":18},"end":{"line":7,"column":35}}]},"2":{"type":"branch","line":7,"loc":{"start":{"line":7,"column":34},"end":{"line":18,"column":2}},"locations":[{"start":{"line":7,"column":34},"end":{"line":18,"column":2}}]},"3":{"type":"branch","line":25,"loc":{"start":{"line":25,"column":28},"end":{"line":28,"column":2}},"locations":[{"start":{"line":25,"column":28},"end":{"line":28,"column":2}}]},"4":{"type":"branch","line":26,"loc":{"start":{"line":26,"column":27},"end":{"line":26,"column":45}},"locations":[{"start":{"line":26,"column":27},"end":{"line":26,"column":45}}]},"5":{"type":"branch","line":26,"loc":{"start":{"line":26,"column":47},"end":{"line":26,"column":64}},"locations":[{"start":{"line":26,"column":47},"end":{"line":26,"column":64}}]},"6":{"type":"branch","line":26,"loc":{"start":{"line":26,"column":63},"end":{"line":28,"column":2}},"locations":[{"start":{"line":26,"column":63},"end":{"line":28,"column":2}}]},"7":{"type":"branch","line":35,"loc":{"start":{"line":35,"column":30},"end":{"line":48,"column":2}},"locations":[{"start":{"line":35,"column":30},"end":{"line":48,"column":2}}]},"8":{"type":"branch","line":36,"loc":{"start":{"line":36,"column":26},"end":{"line":36,"column":43}},"locations":[{"start":{"line":36,"column":26},"end":{"line":36,"column":43}}]},"9":{"type":"branch","line":36,"loc":{"start":{"line":36,"column":45},"end":{"line":36,"column":62}},"locations":[{"start":{"line":36,"column":45},"end":{"line":36,"column":62}}]},"10":{"type":"branch","line":36,"loc":{"start":{"line":36,"column":61},"end":{"line":42,"column":22}},"locations":[{"start":{"line":36,"column":61},"end":{"line":42,"column":22}}]},"11":{"type":"branch","line":42,"loc":{"start":{"line":42,"column":22},"end":{"line":42,"column":53}},"locations":[{"start":{"line":42,"column":22},"end":{"line":42,"column":53}}]},"12":{"type":"branch","line":42,"loc":{"start":{"line":42,"column":55},"end":{"line":45,"column":3}},"locations":[{"start":{"line":42,"column":55},"end":{"line":45,"column":3}}]},"13":{"type":"branch","line":45,"loc":{"start":{"line":45,"column":2},"end":{"line":47,"column":39}},"locations":[{"start":{"line":45,"column":2},"end":{"line":47,"column":39}}]},"14":{"type":"branch","line":47,"loc":{"start":{"line":47,"column":39},"end":{"line":47,"column":42}},"locations":[{"start":{"line":47,"column":39},"end":{"line":47,"column":42}}]},"15":{"type":"branch","line":47,"loc":{"start":{"line":47,"column":43},"end":{"line":47,"column":46}},"locations":[{"start":{"line":47,"column":43},"end":{"line":47,"column":46}}]},"16":{"type":"branch","line":55,"loc":{"start":{"line":55,"column":31},"end":{"line":60,"column":2}},"locations":[{"start":{"line":55,"column":31},"end":{"line":60,"column":2}}]},"17":{"type":"branch","line":56,"loc":{"start":{"line":56,"column":29},"end":{"line":56,"column":49}},"locations":[{"start":{"line":56,"column":29},"end":{"line":56,"column":49}}]},"18":{"type":"branch","line":56,"loc":{"start":{"line":56,"column":51},"end":{"line":56,"column":68}},"locations":[{"start":{"line":56,"column":51},"end":{"line":56,"column":68}}]},"19":{"type":"branch","line":56,"loc":{"start":{"line":56,"column":67},"end":{"line":60,"column":2}},"locations":[{"start":{"line":56,"column":67},"end":{"line":60,"column":2}}]},"20":{"type":"branch","line":69,"loc":{"start":{"line":69,"column":30},"end":{"line":74,"column":2}},"locations":[{"start":{"line":69,"column":30},"end":{"line":74,"column":2}}]},"21":{"type":"branch","line":70,"loc":{"start":{"line":70,"column":12},"end":{"line":70,"column":22}},"locations":[{"start":{"line":70,"column":12},"end":{"line":70,"column":22}}]},"22":{"type":"branch","line":70,"loc":{"start":{"line":70,"column":21},"end":{"line":71,"column":43}},"locations":[{"start":{"line":70,"column":21},"end":{"line":71,"column":43}}]},"23":{"type":"branch","line":71,"loc":{"start":{"line":71,"column":43},"end":{"line":71,"column":54}},"locations":[{"start":{"line":71,"column":43},"end":{"line":71,"column":54}}]},"24":{"type":"branch","line":71,"loc":{"start":{"line":71,"column":53},"end":{"line":74,"column":2}},"locations":[{"start":{"line":71,"column":53},"end":{"line":74,"column":2}}]},"25":{"type":"branch","line":82,"loc":{"start":{"line":82,"column":29},"end":{"line":221,"column":2}},"locations":[{"start":{"line":82,"column":29},"end":{"line":221,"column":2}}]},"26":{"type":"branch","line":150,"loc":{"start":{"line":150,"column":20},"end":{"line":150,"column":36}},"locations":[{"start":{"line":150,"column":20},"end":{"line":150,"column":36}}]},"27":{"type":"branch","line":150,"loc":{"start":{"line":150,"column":38},"end":{"line":152,"column":3}},"locations":[{"start":{"line":150,"column":38},"end":{"line":152,"column":3}}]},"28":{"type":"branch","line":152,"loc":{"start":{"line":152,"column":2},"end":{"line":156,"column":21}},"locations":[{"start":{"line":152,"column":2},"end":{"line":156,"column":21}}]},"29":{"type":"branch","line":156,"loc":{"start":{"line":156,"column":21},"end":{"line":156,"column":56}},"locations":[{"start":{"line":156,"column":21},"end":{"line":156,"column":56}}]},"30":{"type":"branch","line":156,"loc":{"start":{"line":156,"column":58},"end":{"line":192,"column":5}},"locations":[{"start":{"line":156,"column":58},"end":{"line":192,"column":5}}]},"31":{"type":"branch","line":160,"loc":{"start":{"line":160,"column":56},"end":{"line":164,"column":7}},"locations":[{"start":{"line":160,"column":56},"end":{"line":164,"column":7}}]},"32":{"type":"branch","line":161,"loc":{"start":{"line":161,"column":63},"end":{"line":163,"column":9}},"locations":[{"start":{"line":161,"column":63},"end":{"line":163,"column":9}}]},"33":{"type":"branch","line":164,"loc":{"start":{"line":164,"column":6},"end":{"line":169,"column":62}},"locations":[{"start":{"line":164,"column":6},"end":{"line":169,"column":62}}]},"34":{"type":"branch","line":169,"loc":{"start":{"line":169,"column":62},"end":{"line":176,"column":9}},"locations":[{"start":{"line":169,"column":62},"end":{"line":176,"column":9}}]},"35":{"type":"branch","line":173,"loc":{"start":{"line":173,"column":29},"end":{"line":173,"column":47}},"locations":[{"start":{"line":173,"column":29},"end":{"line":173,"column":47}}]},"36":{"type":"branch","line":173,"loc":{"start":{"line":173,"column":49},"end":{"line":175,"column":11}},"locations":[{"start":{"line":173,"column":49},"end":{"line":175,"column":11}}]},"37":{"type":"branch","line":176,"loc":{"start":{"line":176,"column":8},"end":{"line":177,"column":8}},"locations":[{"start":{"line":176,"column":8},"end":{"line":177,"column":8}}]},"38":{"type":"branch","line":177,"loc":{"start":{"line":177,"column":8},"end":{"line":179,"column":7}},"locations":[{"start":{"line":177,"column":8},"end":{"line":179,"column":7}}]},"39":{"type":"branch","line":179,"loc":{"start":{"line":179,"column":6},"end":{"line":182,"column":21}},"locations":[{"start":{"line":179,"column":6},"end":{"line":182,"column":21}}]},"40":{"type":"branch","line":182,"loc":{"start":{"line":182,"column":21},"end":{"line":191,"column":7}},"locations":[{"start":{"line":182,"column":21},"end":{"line":191,"column":7}}]},"41":{"type":"branch","line":192,"loc":{"start":{"line":192,"column":4},"end":{"line":195,"column":21}},"locations":[{"start":{"line":192,"column":4},"end":{"line":195,"column":21}}]},"42":{"type":"branch","line":195,"loc":{"start":{"line":195,"column":21},"end":{"line":195,"column":56}},"locations":[{"start":{"line":195,"column":21},"end":{"line":195,"column":56}}]},"43":{"type":"branch","line":195,"loc":{"start":{"line":195,"column":57},"end":{"line":196,"column":23}},"locations":[{"start":{"line":195,"column":57},"end":{"line":196,"column":23}}]},"44":{"type":"branch","line":196,"loc":{"start":{"line":196,"column":24},"end":{"line":196,"column":57}},"locations":[{"start":{"line":196,"column":24},"end":{"line":196,"column":57}}]},"45":{"type":"branch","line":196,"loc":{"start":{"line":196,"column":58},"end":{"line":196,"column":87}},"locations":[{"start":{"line":196,"column":58},"end":{"line":196,"column":87}}]},"46":{"type":"branch","line":196,"loc":{"start":{"line":196,"column":89},"end":{"line":207,"column":5}},"locations":[{"start":{"line":196,"column":89},"end":{"line":207,"column":5}}]},"47":{"type":"branch","line":205,"loc":{"start":{"line":205,"column":8},"end":{"line":206,"column":7}},"locations":[{"start":{"line":205,"column":8},"end":{"line":206,"column":7}}]},"48":{"type":"branch","line":207,"loc":{"start":{"line":207,"column":4},"end":{"line":210,"column":56}},"locations":[{"start":{"line":207,"column":4},"end":{"line":210,"column":56}}]},"49":{"type":"branch","line":210,"loc":{"start":{"line":210,"column":58},"end":{"line":213,"column":5}},"locations":[{"start":{"line":210,"column":58},"end":{"line":213,"column":5}}]},"50":{"type":"branch","line":212,"loc":{"start":{"line":212,"column":50},"end":{"line":212,"column":71}},"locations":[{"start":{"line":212,"column":50},"end":{"line":212,"column":71}}]},"51":{"type":"branch","line":215,"loc":{"start":{"line":215,"column":4},"end":{"line":217,"column":3}},"locations":[{"start":{"line":215,"column":4},"end":{"line":217,"column":3}}]},"52":{"type":"branch","line":217,"loc":{"start":{"line":217,"column":2},"end":{"line":221,"column":2}},"locations":[{"start":{"line":217,"column":2},"end":{"line":221,"column":2}}]},"53":{"type":"branch","line":229,"loc":{"start":{"line":229,"column":29},"end":{"line":253,"column":2}},"locations":[{"start":{"line":229,"column":29},"end":{"line":253,"column":2}}]},"54":{"type":"branch","line":230,"loc":{"start":{"line":230,"column":18},"end":{"line":230,"column":35}},"locations":[{"start":{"line":230,"column":18},"end":{"line":230,"column":35}}]},"55":{"type":"branch","line":230,"loc":{"start":{"line":230,"column":34},"end":{"line":245,"column":36}},"locations":[{"start":{"line":230,"column":34},"end":{"line":245,"column":36}}]},"56":{"type":"branch","line":245,"loc":{"start":{"line":245,"column":36},"end":{"line":250,"column":3}},"locations":[{"start":{"line":245,"column":36},"end":{"line":250,"column":3}}]},"57":{"type":"branch","line":247,"loc":{"start":{"line":247,"column":19},"end":{"line":249,"column":5}},"locations":[{"start":{"line":247,"column":19},"end":{"line":249,"column":5}}]},"58":{"type":"branch","line":248,"loc":{"start":{"line":248,"column":52},"end":{"line":248,"column":57}},"locations":[{"start":{"line":248,"column":52},"end":{"line":248,"column":57}}]},"59":{"type":"branch","line":248,"loc":{"start":{"line":248,"column":58},"end":{"line":248,"column":62}},"locations":[{"start":{"line":248,"column":58},"end":{"line":248,"column":62}}]},"60":{"type":"branch","line":250,"loc":{"start":{"line":250,"column":2},"end":{"line":253,"column":2}},"locations":[{"start":{"line":250,"column":2},"end":{"line":253,"column":2}}]},"61":{"type":"branch","line":260,"loc":{"start":{"line":260,"column":35},"end":{"line":361,"column":2}},"locations":[{"start":{"line":260,"column":35},"end":{"line":361,"column":2}}]},"62":{"type":"branch","line":263,"loc":{"start":{"line":263,"column":27},"end":{"line":263,"column":53}},"locations":[{"start":{"line":263,"column":27},"end":{"line":263,"column":53}}]},"63":{"type":"branch","line":263,"loc":{"start":{"line":263,"column":55},"end":{"line":265,"column":5}},"locations":[{"start":{"line":263,"column":55},"end":{"line":265,"column":5}}]},"64":{"type":"branch","line":265,"loc":{"start":{"line":265,"column":4},"end":{"line":269,"column":39}},"locations":[{"start":{"line":265,"column":4},"end":{"line":269,"column":39}}]},"65":{"type":"branch","line":269,"loc":{"start":{"line":269,"column":39},"end":{"line":283,"column":5}},"locations":[{"start":{"line":269,"column":39},"end":{"line":283,"column":5}}]},"66":{"type":"branch","line":270,"loc":{"start":{"line":270,"column":28},"end":{"line":270,"column":77}},"locations":[{"start":{"line":270,"column":28},"end":{"line":270,"column":77}}]},"67":{"type":"branch","line":270,"loc":{"start":{"line":270,"column":53},"end":{"line":270,"column":69}},"locations":[{"start":{"line":270,"column":53},"end":{"line":270,"column":69}}]},"68":{"type":"branch","line":273,"loc":{"start":{"line":273,"column":16},"end":{"line":273,"column":48}},"locations":[{"start":{"line":273,"column":16},"end":{"line":273,"column":48}}]},"69":{"type":"branch","line":273,"loc":{"start":{"line":273,"column":50},"end":{"line":276,"column":7}},"locations":[{"start":{"line":273,"column":50},"end":{"line":276,"column":7}}]},"70":{"type":"branch","line":279,"loc":{"start":{"line":279,"column":17},"end":{"line":282,"column":7}},"locations":[{"start":{"line":279,"column":17},"end":{"line":282,"column":7}}]},"71":{"type":"branch","line":283,"loc":{"start":{"line":283,"column":5},"end":{"line":286,"column":5}},"locations":[{"start":{"line":283,"column":5},"end":{"line":286,"column":5}}]},"72":{"type":"branch","line":286,"loc":{"start":{"line":286,"column":4},"end":{"line":290,"column":34}},"locations":[{"start":{"line":286,"column":4},"end":{"line":290,"column":34}}]},"73":{"type":"branch","line":290,"loc":{"start":{"line":290,"column":34},"end":{"line":292,"column":5}},"locations":[{"start":{"line":290,"column":34},"end":{"line":292,"column":5}}]},"74":{"type":"branch","line":291,"loc":{"start":{"line":291,"column":38},"end":{"line":291,"column":44}},"locations":[{"start":{"line":291,"column":38},"end":{"line":291,"column":44}}]},"75":{"type":"branch","line":291,"loc":{"start":{"line":291,"column":45},"end":{"line":291,"column":58}},"locations":[{"start":{"line":291,"column":45},"end":{"line":291,"column":58}}]},"76":{"type":"branch","line":292,"loc":{"start":{"line":292,"column":5},"end":{"line":296,"column":5}},"locations":[{"start":{"line":292,"column":5},"end":{"line":296,"column":5}}]},"77":{"type":"branch","line":294,"loc":{"start":{"line":294,"column":5},"end":{"line":296,"column":5}},"locations":[{"start":{"line":294,"column":5},"end":{"line":296,"column":5}}]},"78":{"type":"branch","line":296,"loc":{"start":{"line":296,"column":4},"end":{"line":300,"column":24}},"locations":[{"start":{"line":296,"column":4},"end":{"line":300,"column":24}}]},"79":{"type":"branch","line":300,"loc":{"start":{"line":300,"column":24},"end":{"line":302,"column":5}},"locations":[{"start":{"line":300,"column":24},"end":{"line":302,"column":5}}]},"80":{"type":"branch","line":302,"loc":{"start":{"line":302,"column":4},"end":{"line":311,"column":40}},"locations":[{"start":{"line":302,"column":4},"end":{"line":311,"column":40}}]},"81":{"type":"branch","line":311,"loc":{"start":{"line":311,"column":42},"end":{"line":313,"column":5}},"locations":[{"start":{"line":311,"column":42},"end":{"line":313,"column":5}}]},"82":{"type":"branch","line":313,"loc":{"start":{"line":313,"column":4},"end":{"line":316,"column":34}},"locations":[{"start":{"line":313,"column":4},"end":{"line":316,"column":34}}]},"83":{"type":"branch","line":316,"loc":{"start":{"line":316,"column":34},"end":{"line":318,"column":5}},"locations":[{"start":{"line":316,"column":34},"end":{"line":318,"column":5}}]},"84":{"type":"branch","line":318,"loc":{"start":{"line":318,"column":4},"end":{"line":329,"column":25}},"locations":[{"start":{"line":318,"column":4},"end":{"line":329,"column":25}}]},"85":{"type":"branch","line":329,"loc":{"start":{"line":329,"column":25},"end":{"line":332,"column":7}},"locations":[{"start":{"line":329,"column":25},"end":{"line":332,"column":7}}]},"86":{"type":"branch","line":332,"loc":{"start":{"line":332,"column":7},"end":{"line":344,"column":32}},"locations":[{"start":{"line":332,"column":7},"end":{"line":344,"column":32}}]},"87":{"type":"branch","line":344,"loc":{"start":{"line":344,"column":32},"end":{"line":346,"column":7}},"locations":[{"start":{"line":344,"column":32},"end":{"line":346,"column":7}}]},"88":{"type":"branch","line":346,"loc":{"start":{"line":346,"column":6},"end":{"line":353,"column":6}},"locations":[{"start":{"line":346,"column":6},"end":{"line":353,"column":6}}]},"89":{"type":"branch","line":353,"loc":{"start":{"line":353,"column":6},"end":{"line":356,"column":5}},"locations":[{"start":{"line":353,"column":6},"end":{"line":356,"column":5}}]},"90":{"type":"branch","line":357,"loc":{"start":{"line":357,"column":4},"end":{"line":360,"column":3}},"locations":[{"start":{"line":357,"column":4},"end":{"line":360,"column":3}}]}},"b":{"0":[3],"1":[2],"2":[1],"3":[6],"4":[5],"5":[2],"6":[4],"7":[11],"8":[10],"9":[2],"10":[9],"11":[13],"12":[13],"13":[9],"14":[7],"15":[2],"16":[7],"17":[6],"18":[2],"19":[5],"20":[8],"21":[3],"22":[5],"23":[2],"24":[3],"25":[10],"26":[4],"27":[3],"28":[7],"29":[6],"30":[5],"31":[28],"32":[4],"33":[1],"34":[3],"35":[0],"36":[0],"37":[1],"38":[0],"39":[1],"40":[0],"41":[3],"42":[1],"43":[1],"44":[1],"45":[1],"46":[1],"47":[0],"48":[2],"49":[1],"50":[0],"51":[0],"52":[2],"53":[16],"54":[2],"55":[14],"56":[56],"57":[13],"58":[7],"59":[6],"60":[1],"61":[7],"62":[6],"63":[2],"64":[5],"65":[2],"66":[1],"67":[0],"68":[1],"69":[1],"70":[1],"71":[3],"72":[4],"73":[3],"74":[2],"75":[1],"76":[1],"77":[0],"78":[4],"79":[1],"80":[3],"81":[0],"82":[3],"83":[0],"84":[3],"85":[0],"86":[3],"87":[0],"88":[3],"89":[0],"90":[0]},"fnMap":{"0":{"name":"formatTimestamp","decl":{"start":{"line":6,"column":31},"end":{"line":18,"column":2}},"loc":{"start":{"line":6,"column":31},"end":{"line":18,"column":2}},"line":6},"1":{"name":"formatNumber","decl":{"start":{"line":25,"column":28},"end":{"line":28,"column":2}},"loc":{"start":{"line":25,"column":28},"end":{"line":28,"column":2}},"line":25},"2":{"name":"formatFileSize","decl":{"start":{"line":35,"column":30},"end":{"line":48,"column":2}},"loc":{"start":{"line":35,"column":30},"end":{"line":48,"column":2}},"line":35},"3":{"name":"formatBtcAmount","decl":{"start":{"line":55,"column":31},"end":{"line":60,"column":2}},"loc":{"start":{"line":55,"column":31},"end":{"line":60,"column":2}},"line":55},"4":{"name":"truncateMiddle","decl":{"start":{"line":69,"column":30},"end":{"line":74,"column":2}},"loc":{"start":{"line":69,"column":30},"end":{"line":74,"column":2}},"line":69},"5":{"name":"identifyMiner","decl":{"start":{"line":82,"column":29},"end":{"line":221,"column":2}},"loc":{"start":{"line":82,"column":29},"end":{"line":221,"column":2}},"line":82},"6":{"name":"formatTimeAgo","decl":{"start":{"line":229,"column":29},"end":{"line":253,"column":2}},"loc":{"start":{"line":229,"column":29},"end":{"line":253,"column":2}},"line":229},"7":{"name":"calculateDifficulty","decl":{"start":{"line":260,"column":35},"end":{"line":361,"column":2}},"loc":{"start":{"line":260,"column":35},"end":{"line":361,"column":2}},"line":260}},"f":{"0":3,"1":6,"2":11,"3":7,"4":8,"5":10,"6":16,"7":7}}
}
